Add component (AddParameter): Name = "LatestRevisionDate"; Value = "17-Jul-2002"; VariantName = "[No Variations]"
Add component (AddParameter): Name = "LatestRevisionNote"; Value = "Re-released for DXP Platform."; VariantName = "[No Variations]"
Add component (AddParameter): Name = "PackageReference"; Value = "C0805"; VariantName = "[No Variations]"
Add component (AddParameter): Name = "Publisher"; Value = "Altium Limited"; VariantName = "[No Variations]"
Add component (AddParameter): Name = "Value"; Value = "1000pF/35V"; VariantName = "[No Variations]"
Add component (AddParameter ignored because duplicated): Name = "VALUE"; Value = "C?"; VariantName = "[No Variations]"
Added Component: Designator=C1(CP2/5)
Add component. Clean all parameters for all variants
Add component (AddParameter): Name = "LatestRevisionDate"; Value = "17-Jul-2002"; VariantName = "[No Variations]"
Add component (AddParameter): Name = "LatestRevisionNote"; Value = "Re-released for DXP Platform."; VariantName = "[No Variations]"
Add component (AddParameter): Name = "PackageReference"; Value = "C0805"; VariantName = "[No Variations]"
Add component (AddParameter): Name = "Publisher"; Value = "Altium Limited"; VariantName = "[No Variations]"
Add component (AddParameter): Name = "Value"; Value = "1000pF/35V"; VariantName = "[No Variations]"
Add component (AddParameter ignored because duplicated): Name = "VALUE"; Value = "C?"; VariantName = "[No Variations]"
Add component (AddParameter): Name = "LatestRevisionDate"; Value = "17-Jul-2002"; VariantName = "[No Variations]"
Add component (AddParameter): Name = "LatestRevisionNote"; Value = "Re-released for DXP Platform."; VariantName = "[No Variations]"
Add component (AddParameter): Name = "PackageReference"; Value = "C0805"; VariantName = "[No Variations]"
Add component (AddParameter): Name = "Publisher"; Value = "Altium Limited"; VariantName = "[No Variations]"
Add component (AddParameter): Name = "Value"; Value = "1000pF/35V"; VariantName = "[No Variations]"
Add component (AddParameter ignored because duplicated): Name = "VALUE"; Value = "C?"; VariantName = "[No Variations]"
Added Component: Designator=C5(CP2/5)
Add component. Clean all parameters for all variants
Add component (AddParameter): Name = "LatestRevisionDate"; Value = "17-Jul-2002"; VariantName = "[No Variations]"
Add component (AddParameter): Name = "LatestRevisionNote"; Value = "Re-released for DXP Platform."; VariantName = "[No Variations]"
Add component (AddParameter): Name = "PackageReference"; Value = "C0805"; VariantName = "[No Variations]"
Add component (AddParameter): Name = "Publisher"; Value = "Altium Limited"; VariantName = "[No Variations]"
Add component (AddParameter): Name = "Value"; Value = "1000pF/35V"; VariantName = "[No Variations]"
Add component (AddParameter ignored because duplicated): Name = "VALUE"; Value = "C?"; VariantName = "[No Variations]"
Add component (AddParameter): Name = "LatestRevisionDate"; Value = "17-Jul-2002"; VariantName = "[No Variations]"
Add component (AddParameter): Name = "LatestRevisionNote"; Value = "Re-released for DXP Platform."; VariantName = "[No Variations]"
Add component (AddParameter): Name = "PackageReference"; Value = "C0805"; VariantName = "[No Variations]"
Add component (AddParameter): Name = "Publisher"; Value = "Altium Limited"; VariantName = "[No Variations]"
Add component (AddParameter): Name = "Value"; Value = "1000pF/35V"; VariantName = "[No Variations]"
Add component (AddParameter ignored because duplicated): Name = "VALUE"; Value = "C?"; VariantName = "[No Variations]"
Added Component: Designator=C6(CP2/5)
Add component. Clean all parameters for all variants
Add component (AddParameter): Name = "LatestRevisionDate"; Value = "17-Jul-2002"; VariantName = "[No Variations]"
Add component (AddParameter): Name = "LatestRevisionNote"; Value = "Re-released for DXP Platform."; VariantName = "[No Variations]"
Add component (AddParameter): Name = "PackageReference"; Value = "C0805"; VariantName = "[No Variations]"
Add component (AddParameter): Name = "Publisher"; Value = "Altium Limited"; VariantName = "[No Variations]"
Add component (AddParameter): Name = "Value"; Value = "1000pF/35V"; VariantName = "[No Variations]"
Add component (AddParameter ignored because duplicated): Name = "VALUE"; Value = "C?"; VariantName = "[No Variations]"
Add component (AddParameter): Name = "LatestRevisionDate"; Value = "17-Jul-2002"; VariantName = "[No Variations]"
Add component (AddParameter): Name = "LatestRevisionNote"; Value = "Re-released for DXP Platform."; VariantName = "[No Variations]"
Add component (AddParameter): Name = "PackageReference"; Value = "C0805"; VariantName = "[No Variations]"
Add component (AddParameter): Name = "Publisher"; Value = "Altium Limited"; VariantName = "[No Variations]"
Add component (AddParameter): Name = "Value"; Value = "1000pF/35V"; VariantName = "[No Variations]"
Add component (AddParameter ignored because duplicated): Name = "VALUE"; Value = "C?"; VariantName = "[No Variations]"
Added Component: Designator=C9(CP2/5)
Add component. Clean all parameters for all variants
Add component (AddParameter): Name = "LatestRevisionDate"; Value = "17-Jul-2002"; VariantName = "[No Variations]"
Add component (AddParameter): Name = "LatestRevisionNote"; Value = "Re-released for DXP Platform."; VariantName = "[No Variations]"
Add component (AddParameter): Name = "PackageReference"; Value = "C0805"; VariantName = "[No Variations]"
Add component (AddParameter): Name = "Publisher"; Value = "Altium Limited"; VariantName = "[No Variations]"
Add component (AddParameter): Name = "Value"; Value = "1000pF/35V"; VariantName = "[No Variations]"
Add component (AddParameter ignored because duplicated): Name = "VALUE"; Value = "C?"; VariantName = "[No Variations]"
Add component (AddParameter): Name = "LatestRevisionDate"; Value = "17-Jul-2002"; VariantName = "[No Variations]"
Add component (AddParameter): Name = "LatestRevisionNote"; Value = "Re-released for DXP Platform."; VariantName = "[No Variations]"
Add component (AddParameter): Name = "PackageReference"; Value = "C0805"; VariantName = "[No Variations]"
Add component (AddParameter): Name = "Publisher"; Value = "Altium Limited"; VariantName = "[No Variations]"
Add component (AddParameter): Name = "Value"; Value = "1000pF/35V"; VariantName = "[No Variations]"
Add component (AddParameter ignored because duplicated): Name = "VALUE"; Value = "C?"; VariantName = "[No Variations]"
Added Component: Designator=C10(CP2/5)
Add component. Clean all parameters for all variants
Add component (AddParameter): Name = "LatestRevisionDate"; Value = "17-Jul-2002"; VariantName = "[No Variations]"
Add component (AddParameter): Name = "LatestRevisionNote"; Value = "Re-released for DXP Platform."; VariantName = "[No Variations]"
Add component (AddParameter): Name = "PackageReference"; Value = "C0805"; VariantName = "[No Variations]"
Add component (AddParameter): Name = "Publisher"; Value = "Altium Limited"; VariantName = "[No Variations]"
Add component (AddParameter): Name = "Value"; Value = "1000pF/35V"; VariantName = "[No Variations]"
Add component (AddParameter ignored because duplicated): Name = "VALUE"; Value = "C?"; VariantName = "[No Variations]"
Add component (AddParameter): Name = "LatestRevisionDate"; Value = "17-Jul-2002"; VariantName = "[No Variations]"
Add component (AddParameter): Name = "LatestRevisionNote"; Value = "Re-released for DXP Platform."; VariantName = "[No Variations]"
Add component (AddParameter): Name = "PackageReference"; Value = "C0805"; VariantName = "[No Variations]"
Add component (AddParameter): Name = "Publisher"; Value = "Altium Limited"; VariantName = "[No Variations]"
Add component (AddParameter): Name = "Value"; Value = "1000pF/35V"; VariantName = "[No Variations]"
Add component (AddParameter ignored because duplicated): Name = "VALUE"; Value = "C?"; VariantName = "[No Variations]"
Added Component: Designator=C11(CP2/5)
Add component. Clean all parameters for all variants
Add component (AddParameter): Name = "LatestRevisionDate"; Value = "17-Jul-2002"; VariantName = "[No Variations]"
Add component (AddParameter): Name = "LatestRevisionNote"; Value = "Re-released for DXP Platform."; VariantName = "[No Variations]"
Add component (AddParameter): Name = "PackageReference"; Value = "C0805"; VariantName = "[No Variations]"
Add component (AddParameter): Name = "Publisher"; Value = "Altium Limited"; VariantName = "[No Variations]"
Add component (AddParameter): Name = "Value"; Value = "1000pF/35V"; VariantName = "[No Variations]"
Add component (AddParameter ignored because duplicated): Name = "VALUE"; Value = "C?"; VariantName = "[No Variations]"
Add component (AddParameter): Name = "LatestRevisionDate"; Value = "17-Jul-2002"; VariantName = "[No Variations]"
Add component (AddParameter): Name = "LatestRevisionNote"; Value = "Re-released for DXP Platform."; VariantName = "[No Variations]"
Add component (AddParameter): Name = "PackageReference"; Value = "C0805"; VariantName = "[No Variations]"
Add component (AddParameter): Name = "Publisher"; Value = "Altium Limited"; VariantName = "[No Variations]"
Add component (AddParameter): Name = "Value"; Value = "100uF"; VariantName = "[No Variations]"
Add component (AddParameter ignored because duplicated): Name = "VALUE"; Value = "C?"; VariantName = "[No Variations]"
Added Component: Designator=C14(CP2/5)
Add component. Clean all parameters for all variants
Add component (AddParameter): Name = "LatestRevisionDate"; Value = "17-Jul-2002"; VariantName = "[No Variations]"
Add component (AddParameter): Name = "LatestRevisionNote"; Value = "Re-released for DXP Platform."; VariantName = "[No Variations]"
Add component (AddParameter): Name = "PackageReference"; Value = "C0805"; VariantName = "[No Variations]"
Add component (AddParameter): Name = "Publisher"; Value = "Altium Limited"; VariantName = "[No Variations]"
Add component (AddParameter): Name = "Value"; Value = "100uF"; VariantName = "[No Variations]"
Add component (AddParameter ignored because duplicated): Name = "VALUE"; Value = "C?"; VariantName = "[No Variations]"
Add component (AddParameter): Name = "LatestRevisionDate"; Value = "17-Jul-2002"; VariantName = "[No Variations]"
Add component (AddParameter): Name = "LatestRevisionNote"; Value = "Re-released for DXP Platform."; VariantName = "[No Variations]"
Add component (AddParameter): Name = "PackageReference"; Value = "C0805"; VariantName = "[No Variations]"
Add component (AddParameter): Name = "Publisher"; Value = "Altium Limited"; VariantName = "[No Variations]"
Add component (AddParameter): Name = "Value"; Value = "1000pF/35V"; VariantName = "[No Variations]"
Add component (AddParameter ignored because duplicated): Name = "VALUE"; Value = "C?"; VariantName = "[No Variations]"
Added Component: Designator=C20(CP2/5)
Add component. Clean all parameters for all variants
Add component (AddParameter): Name = "LatestRevisionDate"; Value = "17-Jul-2002"; VariantName = "[No Variations]"
Add component (AddParameter): Name = "LatestRevisionNote"; Value = "Re-released for DXP Platform."; VariantName = "[No Variations]"
Add component (AddParameter): Name = "PackageReference"; Value = "C0805"; VariantName = "[No Variations]"
Add component (AddParameter): Name = "Publisher"; Value = "Altium Limited"; VariantName = "[No Variations]"
Add component (AddParameter): Name = "Value"; Value = "1000pF/35V"; VariantName = "[No Variations]"
Add component (AddParameter ignored because duplicated): Name = "VALUE"; Value = "C?"; VariantName = "[No Variations]"
Add component (AddParameter): Name = "LatestRevisionDate"; Value = "17-Jul-2002"; VariantName = "[No Variations]"
Add component (AddParameter): Name = "LatestRevisionNote"; Value = "Re-released for DXP Platform."; VariantName = "[No Variations]"
Add component (AddParameter): Name = "PackageReference"; Value = "C0805"; VariantName = "[No Variations]"
Add component (AddParameter): Name = "Publisher"; Value = "Altium Limited"; VariantName = "[No Variations]"
Add component (AddParameter): Name = "Value"; Value = "1000pF/35V"; VariantName = "[No Variations]"
Add component (AddParameter ignored because duplicated): Name = "VALUE"; Value = "C?"; VariantName = "[No Variations]"
Added Component: Designator=C22(CP2/5)
Add component. Clean all parameters for all variants
Add component (AddParameter): Name = "LatestRevisionDate"; Value = "17-Jul-2002"; VariantName = "[No Variations]"
Add component (AddParameter): Name = "LatestRevisionNote"; Value = "Re-released for DXP Platform."; VariantName = "[No Variations]"
Add component (AddParameter): Name = "PackageReference"; Value = "C0805"; VariantName = "[No Variations]"
Add component (AddParameter): Name = "Publisher"; Value = "Altium Limited"; VariantName = "[No Variations]"
Add component (AddParameter): Name = "Value"; Value = "1000pF/35V"; VariantName = "[No Variations]"
Add component (AddParameter ignored because duplicated): Name = "VALUE"; Value = "C?"; VariantName = "[No Variations]"
Add component (AddParameter): Name = "LatestRevisionDate"; Value = "17-Jul-2002"; VariantName = "[No Variations]"
Add component (AddParameter): Name = "LatestRevisionNote"; Value = "Re-released for DXP Platform."; VariantName = "[No Variations]"
Add component (AddParameter): Name = "PackageReference"; Value = "C0805"; VariantName = "[No Variations]"
Add component (AddParameter): Name = "Publisher"; Value = "Altium Limited"; VariantName = "[No Variations]"
Add component (AddParameter): Name = "Value"; Value = "100uF"; VariantName = "[No Variations]"
Add component (AddParameter ignored because duplicated): Name = "VALUE"; Value = "C?"; VariantName = "[No Variations]"
Added Component: Designator=C22(CP2/5)
Add component. Clean all parameters for all variants
Add component (AddParameter): Name = "LatestRevisionDate"; Value = "17-Jul-2002"; VariantName = "[No Variations]"
Add component (AddParameter): Name = "LatestRevisionNote"; Value = "Re-released for DXP Platform."; VariantName = "[No Variations]"
Add component (AddParameter): Name = "PackageReference"; Value = "C0805"; VariantName = "[No Variations]"
Add component (AddParameter): Name = "Publisher"; Value = "Altium Limited"; VariantName = "[No Variations]"
Add component (AddParameter): Name = "Value"; Value = "100uF"; VariantName = "[No Variations]"
Add component (AddParameter ignored because duplicated): Name = "VALUE"; Value = "C?"; VariantName = "[No Variations]"
Add component (AddParameter): Name = "LatestRevisionDate"; Value = "17-Jul-2002"; VariantName = "[No Variations]"
Add component (AddParameter): Name = "LatestRevisionNote"; Value = "Re-released for DXP Platform."; VariantName = "[No Variations]"
Add component (AddParameter): Name = "PackageReference"; Value = "C0805"; VariantName = "[No Variations]"
Add component (AddParameter): Name = "Publisher"; Value = "Altium Limited"; VariantName = "[No Variations]"
Add component (AddParameter): Name = "Value"; Value = "1000pF/35V"; VariantName = "[No Variations]"
Add component (AddParameter ignored because duplicated): Name = "VALUE"; Value = "C?"; VariantName = "[No Variations]"
Added Component: Designator=C22(CP2/5)
Add component. Clean all parameters for all variants
Add component (AddParameter): Name = "LatestRevisionDate"; Value = "17-Jul-2002"; VariantName = "[No Variations]"
Add component (AddParameter): Name = "LatestRevisionNote"; Value = "Re-released for DXP Platform."; VariantName = "[No Variations]"
Add component (AddParameter): Name = "PackageReference"; Value = "C0805"; VariantName = "[No Variations]"
Add component (AddParameter): Name = "Publisher"; Value = "Altium Limited"; VariantName = "[No Variations]"
Add component (AddParameter): Name = "Value"; Value = "1000pF/35V"; VariantName = "[No Variations]"
Add component (AddParameter ignored because duplicated): Name = "VALUE"; Value = "C?"; VariantName = "[No Variations]"
Add component (AddParameter): Name = "LatestRevisionDate"; Value = "17-Jul-2002"; VariantName = "[No Variations]"
Add component (AddParameter): Name = "LatestRevisionNote"; Value = "Re-released for DXP Platform."; VariantName = "[No Variations]"
Add component (AddParameter): Name = "PackageReference"; Value = "C0805"; VariantName = "[No Variations]"
Add component (AddParameter): Name = "Publisher"; Value = "Altium Limited"; VariantName = "[No Variations]"
Add component (AddParameter): Name = "Value"; Value = "1000pF/35V"; VariantName = "[No Variations]"
Add component (AddParameter ignored because duplicated): Name = "VALUE"; Value = "C?"; VariantName = "[No Variations]"
Added Component: Designator=C22(CP2/5)
Add component. Clean all parameters for all variants
Add component (AddParameter): Name = "LatestRevisionDate"; Value = "17-Jul-2002"; VariantName = "[No Variations]"
Add component (AddParameter): Name = "LatestRevisionNote"; Value = "Re-released for DXP Platform."; VariantName = "[No Variations]"
Add component (AddParameter): Name = "PackageReference"; Value = "C0805"; VariantName = "[No Variations]"
Add component (AddParameter): Name = "Publisher"; Value = "Altium Limited"; VariantName = "[No Variations]"
Add component (AddParameter): Name = "Value"; Value = "1000pF/35V"; VariantName = "[No Variations]"
Add component (AddParameter ignored because duplicated): Name = "VALUE"; Value = "C?"; VariantName = "[No Variations]"
Added Component: Designator=CN1(Header 2x1 straight)
Add component. Clean all parameters for all variants
Added Component: Designator=CN2(Header 2x1 straight)
Add component. Clean all parameters for all variants
Add component (AddParameter): Name = "Value"; Value = "1N4007"; VariantName = "[No Variations]"
Added Component: Designator=D1(D1A)
Add component. Clean all parameters for all variants
Add component (AddParameter): Name = "Value"; Value = "1N4007"; VariantName = "[No Variations]"
Add component (AddParameter): Name = "Value"; Value = "1N4007"; VariantName = "[No Variations]"
Added Component: Designator=D2(D1A)
Add component. Clean all parameters for all variants
Add component (AddParameter): Name = "Value"; Value = "1N4007"; VariantName = "[No Variations]"
Add component (AddParameter): Name = "Value"; Value = "1N4007"; VariantName = "[No Variations]"
Added Component: Designator=D3(D1A)
Add component. Clean all parameters for all variants
Add component (AddParameter): Name = "Value"; Value = "1N4007"; VariantName = "[No Variations]"
Add component (AddParameter): Name = "Value"; Value = "1N4007"; VariantName = "[No Variations]"
Added Component: Designator=D4(D1A)
Add component. Clean all parameters for all variants
Add component (AddParameter): Name = "Value"; Value = "1N4007"; VariantName = "[No Variations]"
Add component (AddParameter): Name = "Value"; Value = "1N4007"; VariantName = "[No Variations]"
Added Component: Designator=D5(D1A)
Add component. Clean all parameters for all variants
Add component (AddParameter): Name = "Value"; Value = "1N4007"; VariantName = "[No Variations]"
Add component (AddParameter): Name = "Value"; Value = "1N4007"; VariantName = "[No Variations]"
Added Component: Designator=D6(D1A)
Add component. Clean all parameters for all variants
Add component (AddParameter): Name = "Value"; Value = "1N4007"; VariantName = "[No Variations]"
Add component (AddParameter): Name = "Value"; Value = "1N4007"; VariantName = "[No Variations]"
Added Component: Designator=D7(D1A)
Add component. Clean all parameters for all variants
Add component (AddParameter): Name = "Value"; Value = "1N4007"; VariantName = "[No Variations]"
Add component (AddParameter): Name = "Value"; Value = "1N4007"; VariantName = "[No Variations]"
Added Component: Designator=D8(D1A)
Add component. Clean all parameters for all variants
Add component (AddParameter): Name = "Value"; Value = "1N4007"; VariantName = "[No Variations]"
Add component (AddParameter): Name = "Value"; Value = "74HC595"; VariantName = "[No Variations]"
Added Component: Designator=IC1(DIP16)
Add component. Clean all parameters for all variants
Add component (AddParameter): Name = "Value"; Value = "74HC595"; VariantName = "[No Variations]"
Add component (AddParameter): Name = "Value"; Value = "74HC595"; VariantName = "[No Variations]"
Added Component: Designator=IC2(DIP16)
Add component. Clean all parameters for all variants
Add component (AddParameter): Name = "Value"; Value = "74HC595"; VariantName = "[No Variations]"
Add component (AddParameter): Name = "Value"; Value = "74HC595"; VariantName = "[No Variations]"
Added Component: Designator=IC3(DIP16)
Add component. Clean all parameters for all variants
Add component (AddParameter): Name = "Value"; Value = "74HC595"; VariantName = "[No Variations]"
Add component (AddParameter): Name = "Value"; Value = "74HC595"; VariantName = "[No Variations]"
Added Component: Designator=IC4(DIP16/W0.3)
Add component. Clean all parameters for all variants
Add component (AddParameter): Name = "Value"; Value = "74HC595"; VariantName = "[No Variations]"
Add component (AddParameter): Name = "Value"; Value = "74HC595"; VariantName = "[No Variations]"
Added Component: Designator=IC5(DIP16/W0.3)
Add component. Clean all parameters for all variants
Add component (AddParameter): Name = "Value"; Value = "74HC595"; VariantName = "[No Variations]"
Add component (AddParameter): Name = "Value"; Value = "74HC595"; VariantName = "[No Variations]"
Added Component: Designator=IC6(DIP16)
Add component. Clean all parameters for all variants
Add component (AddParameter): Name = "Value"; Value = "74HC595"; VariantName = "[No Variations]"
Add component (AddParameter): Name = "Value"; Value = "74HC595"; VariantName = "[No Variations]"
Added Component: Designator=IC7(DIP16)
Add component. Clean all parameters for all variants
Add component (AddParameter): Name = "Value"; Value = "74HC595"; VariantName = "[No Variations]"
Add component (AddParameter): Name = "Value"; Value = "74HC595"; VariantName = "[No Variations]"
Added Component: Designator=IC8(DIP16)
Add component. Clean all parameters for all variants
Add component (AddParameter): Name = "Value"; Value = "74HC595"; VariantName = "[No Variations]"
Add component (AddParameter): Name = "Value"; Value = "74HC595"; VariantName = "[No Variations]"
Added Component: Designator=IC9(DIP16)
Add component. Clean all parameters for all variants
Add component (AddParameter): Name = "Value"; Value = "74HC595"; VariantName = "[No Variations]"
Add component (AddParameter): Name = "Value"; Value = "74HC595"; VariantName = "[No Variations]"
Added Component: Designator=IC10(DIP16)
Add component. Clean all parameters for all variants
Add component (AddParameter): Name = "Value"; Value = "74HC595"; VariantName = "[No Variations]"
Add component (AddParameter): Name = "Value"; Value = "Connector 4x2"; VariantName = "[No Variations]"
Added Component: Designator=J1(JP4x2)
Add component. Clean all parameters for all variants
Add component (AddParameter): Name = "Value"; Value = "Connector 4x2"; VariantName = "[No Variations]"
Add component (AddParameter): Name = "Value"; Value = "Connector 4x2"; VariantName = "[No Variations]"
Added Component: Designator=J2(JP4x2)
Add component. Clean all parameters for all variants
Add component (AddParameter): Name = "Value"; Value = "Connector 4x2"; VariantName = "[No Variations]"
Add component (AddParameter): Name = "Value"; Value = "JP7"; VariantName = "[No Variations]"
Added Component: Designator=JP1(JP8)
Add component. Clean all parameters for all variants
Add component (AddParameter): Name = "Value"; Value = "JP7"; VariantName = "[No Variations]"
Add component (AddParameter): Name = "Value"; Value = "JP7"; VariantName = "[No Variations]"
Added Component: Designator=JP2(JP6)
Add component. Clean all parameters for all variants
Add component (AddParameter): Name = "Value"; Value = "JP7"; VariantName = "[No Variations]"
Add component (AddParameter): Name = "Value"; Value = "JP7"; VariantName = "[No Variations]"
Added Component: Designator=JP3(JP8)
Add component. Clean all parameters for all variants
Add component (AddParameter): Name = "Value"; Value = "JP7"; VariantName = "[No Variations]"
Add component (AddParameter): Name = "Value"; Value = "JP7"; VariantName = "[No Variations]"
Added Component: Designator=JP4(JP6)
Add component. Clean all parameters for all variants
Add component (AddParameter): Name = "Value"; Value = "JP7"; VariantName = "[No Variations]"
Add component (AddParameter): Name = "Value"; Value = "LED 3 ly Single Colour"; VariantName = "[No Variations]"
Added Component: Designator=LED1(LED-3)
Add component. Clean all parameters for all variants
Add component (AddParameter): Name = "Value"; Value = "LED 3 ly Single Colour"; VariantName = "[No Variations]"
Add component (AddParameter): Name = "Value"; Value = "LED 3 ly Single Colour"; VariantName = "[No Variations]"
Added Component: Designator=LED2(LED-3)
Add component. Clean all parameters for all variants
Add component (AddParameter): Name = "Value"; Value = "LED 3 ly Single Colour"; VariantName = "[No Variations]"
Add component (AddParameter): Name = "Value"; Value = "LED 3 ly Single Colour"; VariantName = "[No Variations]"
Added Component: Designator=LED3(LED-3)
Add component. Clean all parameters for all variants
Add component (AddParameter): Name = "Value"; Value = "LED 3 ly Single Colour"; VariantName = "[No Variations]"
Add component (AddParameter): Name = "Value"; Value = "LED 3 ly Single Colour"; VariantName = "[No Variations]"
Added Component: Designator=LED4(LED-3)
Add component. Clean all parameters for all variants
Add component (AddParameter): Name = "Value"; Value = "LED 3 ly Single Colour"; VariantName = "[No Variations]"
Add component (AddParameter): Name = "Value"; Value = "LED 3 ly Single Colour"; VariantName = "[No Variations]"
Added Component: Designator=LED5(LED-3)
Add component. Clean all parameters for all variants
Add component (AddParameter): Name = "Value"; Value = "LED 3 ly Single Colour"; VariantName = "[No Variations]"
Add component (AddParameter): Name = "Value"; Value = "LED 3 ly Single Colour"; VariantName = "[No Variations]"
Added Component: Designator=LED6(LED-3)
Add component. Clean all parameters for all variants
Add component (AddParameter): Name = "Value"; Value = "LED 3 ly Single Colour"; VariantName = "[No Variations]"
Add component (AddParameter): Name = "Value"; Value = "LED 3 ly Single Colour"; VariantName = "[No Variations]"
Added Component: Designator=LED7(LED-3)
Add component. Clean all parameters for all variants
Add component (AddParameter): Name = "Value"; Value = "LED 3 ly Single Colour"; VariantName = "[No Variations]"
Add component (AddParameter): Name = "Value"; Value = "LED 3 ly Single Colour"; VariantName = "[No Variations]"
Added Component: Designator=LED8(LED-3)
Add component. Clean all parameters for all variants
Add component (AddParameter): Name = "Value"; Value = "LED 3 ly Single Colour"; VariantName = "[No Variations]"
Add component (AddParameter): Name = "Value"; Value = "LED 3 ly Single Colour"; VariantName = "[No Variations]"
Added Component: Designator=LED9(LED-3)
Add component. Clean all parameters for all variants
Add component (AddParameter): Name = "Value"; Value = "LED 3 ly Single Colour"; VariantName = "[No Variations]"
Add component (AddParameter): Name = "Value"; Value = "LED 3 ly Single Colour"; VariantName = "[No Variations]"
Added Component: Designator=LED10(LED-3)
Add component. Clean all parameters for all variants
Add component (AddParameter): Name = "Value"; Value = "LED 3 ly Single Colour"; VariantName = "[No Variations]"
Add component (AddParameter): Name = "Value"; Value = "Matrix 8x8S"; VariantName = "[No Variations]"
Added Component: Designator=MT1(Matrix)
Add component. Clean all parameters for all variants
Add component (AddParameter): Name = "Value"; Value = "Matrix 8x8S"; VariantName = "[No Variations]"
Add component (AddParameter): Name = "Value"; Value = "Matrix 8x8S"; VariantName = "[No Variations]"
Added Component: Designator=MT2(Matrix)
Add component. Clean all parameters for all variants
Add component (AddParameter): Name = "Value"; Value = "Matrix 8x8S"; VariantName = "[No Variations]"
Add component (AddParameter): Name = "Value"; Value = "Matrix 8x8S"; VariantName = "[No Variations]"
Added Component: Designator=MT5(Matrix)
Add component. Clean all parameters for all variants
Add component (AddParameter): Name = "Value"; Value = "Matrix 8x8S"; VariantName = "[No Variations]"
Add component (AddParameter): Name = "Value"; Value = "Matrix 8x8S"; VariantName = "[No Variations]"
Added Component: Designator=MT6(Matrix)
Add component. Clean all parameters for all variants
Add component (AddParameter): Name = "Value"; Value = "Matrix 8x8S"; VariantName = "[No Variations]"
Add component (AddParameter): Name = "Value"; Value = "Matrix 8x8S"; VariantName = "[No Variations]"
Added Component: Designator=MT7(Matrix)
Add component. Clean all parameters for all variants
Add component (AddParameter): Name = "Value"; Value = "Matrix 8x8S"; VariantName = "[No Variations]"
Add component (AddParameter): Name = "Value"; Value = "Matrix 8x8S"; VariantName = "[No Variations]"
Added Component: Designator=MT8(Matrix)
Add component. Clean all parameters for all variants
Add component (AddParameter): Name = "Value"; Value = "Matrix 8x8S"; VariantName = "[No Variations]"
Add component (AddParameter): Name = "Value"; Value = "R1/4W - 1K"; VariantName = "[No Variations]"
Added Component: Designator=R1(SM-RES-1206)
Add component. Clean all parameters for all variants
Add component (AddParameter): Name = "Value"; Value = "R1/4W - 1K"; VariantName = "[No Variations]"
Add component (AddParameter): Name = "Class"; Value = "Passive"; VariantName = "[No Variations]"
Add component (AddParameter): Name = "Manufacturer"; Value = "Generic Components"; VariantName = "[No Variations]"
Add component (AddParameter): Name = "Published"; Value = "08/06/2000"; VariantName = "[No Variations]"
Add component (AddParameter): Name = "Publisher"; Value = "Altium Hobart Technology Centre"; VariantName = "[No Variations]"
Add component (AddParameter): Name = "SubClass"; Value = "Resistor"; VariantName = "[No Variations]"
Add component (AddParameter): Name = "Value"; Value = "220"; VariantName = "[No Variations]"
Added Component: Designator=R2(R1/4W)
Add component. Clean all parameters for all variants
Add component (AddParameter): Name = "Class"; Value = "Passive"; VariantName = "[No Variations]"
Add component (AddParameter): Name = "Manufacturer"; Value = "Generic Components"; VariantName = "[No Variations]"
Add component (AddParameter): Name = "Published"; Value = "08/06/2000"; VariantName = "[No Variations]"
Add component (AddParameter): Name = "Publisher"; Value = "Altium Hobart Technology Centre"; VariantName = "[No Variations]"
Add component (AddParameter): Name = "SubClass"; Value = "Resistor"; VariantName = "[No Variations]"
Add component (AddParameter): Name = "Value"; Value = "220"; VariantName = "[No Variations]"
Add component (AddParameter): Name = "Class"; Value = "Passive"; VariantName = "[No Variations]"
Add component (AddParameter): Name = "Manufacturer"; Value = "Generic Components"; VariantName = "[No Variations]"
Add component (AddParameter): Name = "Published"; Value = "08/06/2000"; VariantName = "[No Variations]"
Add component (AddParameter): Name = "Publisher"; Value = "Altium Hobart Technology Centre"; VariantName = "[No Variations]"
Add component (AddParameter): Name = "SubClass"; Value = "Resistor"; VariantName = "[No Variations]"
Add component (AddParameter): Name = "Value"; Value = "220"; VariantName = "[No Variations]"
Added Component: Designator=R3(R1/4W)
Add component. Clean all parameters for all variants
Add component (AddParameter): Name = "Class"; Value = "Passive"; VariantName = "[No Variations]"
Add component (AddParameter): Name = "Manufacturer"; Value = "Generic Components"; VariantName = "[No Variations]"
Add component (AddParameter): Name = "Published"; Value = "08/06/2000"; VariantName = "[No Variations]"
Add component (AddParameter): Name = "Publisher"; Value = "Altium Hobart Technology Centre"; VariantName = "[No Variations]"
Add component (AddParameter): Name = "SubClass"; Value = "Resistor"; VariantName = "[No Variations]"
Add component (AddParameter): Name = "Value"; Value = "220"; VariantName = "[No Variations]"
Add component (AddParameter): Name = "Class"; Value = "Passive"; VariantName = "[No Variations]"
Add component (AddParameter): Name = "Manufacturer"; Value = "Generic Components"; VariantName = "[No Variations]"
Add component (AddParameter): Name = "Published"; Value = "08/06/2000"; VariantName = "[No Variations]"
Add component (AddParameter): Name = "Publisher"; Value = "Altium Hobart Technology Centre"; VariantName = "[No Variations]"
Add component (AddParameter): Name = "SubClass"; Value = "Resistor"; VariantName = "[No Variations]"
Add component (AddParameter): Name = "Value"; Value = "220"; VariantName = "[No Variations]"
Added Component: Designator=R4(R1/4W)
Add component. Clean all parameters for all variants
Add component (AddParameter): Name = "Class"; Value = "Passive"; VariantName = "[No Variations]"
Add component (AddParameter): Name = "Manufacturer"; Value = "Generic Components"; VariantName = "[No Variations]"
Add component (AddParameter): Name = "Published"; Value = "08/06/2000"; VariantName = "[No Variations]"
Add component (AddParameter): Name = "Publisher"; Value = "Altium Hobart Technology Centre"; VariantName = "[No Variations]"
Add component (AddParameter): Name = "SubClass"; Value = "Resistor"; VariantName = "[No Variations]"
Add component (AddParameter): Name = "Value"; Value = "220"; VariantName = "[No Variations]"
Add component (AddParameter): Name = "Class"; Value = "Passive"; VariantName = "[No Variations]"
Add component (AddParameter): Name = "Manufacturer"; Value = "Generic Components"; VariantName = "[No Variations]"
Add component (AddParameter): Name = "Published"; Value = "08/06/2000"; VariantName = "[No Variations]"
Add component (AddParameter): Name = "Publisher"; Value = "Altium Hobart Technology Centre"; VariantName = "[No Variations]"
Add component (AddParameter): Name = "SubClass"; Value = "Resistor"; VariantName = "[No Variations]"
Add component (AddParameter): Name = "Value"; Value = "220"; VariantName = "[No Variations]"
Added Component: Designator=R5(R1/4W)
Add component. Clean all parameters for all variants
Add component (AddParameter): Name = "Class"; Value = "Passive"; VariantName = "[No Variations]"
Add component (AddParameter): Name = "Manufacturer"; Value = "Generic Components"; VariantName = "[No Variations]"
Add component (AddParameter): Name = "Published"; Value = "08/06/2000"; VariantName = "[No Variations]"
Add component (AddParameter): Name = "Publisher"; Value = "Altium Hobart Technology Centre"; VariantName = "[No Variations]"
Add component (AddParameter): Name = "SubClass"; Value = "Resistor"; VariantName = "[No Variations]"
Add component (AddParameter): Name = "Value"; Value = "220"; VariantName = "[No Variations]"
Add component (AddParameter): Name = "Class"; Value = "Passive"; VariantName = "[No Variations]"
Add component (AddParameter): Name = "Manufacturer"; Value = "Generic Components"; VariantName = "[No Variations]"
Add component (AddParameter): Name = "Published"; Value = "08/06/2000"; VariantName = "[No Variations]"
Add component (AddParameter): Name = "Publisher"; Value = "Altium Hobart Technology Centre"; VariantName = "[No Variations]"
Add component (AddParameter): Name = "SubClass"; Value = "Resistor"; VariantName = "[No Variations]"
Add component (AddParameter): Name = "Value"; Value = "10K"; VariantName = "[No Variations]"
Added Component: Designator=R6(R1/4W)
Add component. Clean all parameters for all variants
Add component (AddParameter): Name = "Class"; Value = "Passive"; VariantName = "[No Variations]"
Add component (AddParameter): Name = "Manufacturer"; Value = "Generic Components"; VariantName = "[No Variations]"
Add component (AddParameter): Name = "Published"; Value = "08/06/2000"; VariantName = "[No Variations]"
Add component (AddParameter): Name = "Publisher"; Value = "Altium Hobart Technology Centre"; VariantName = "[No Variations]"
Add component (AddParameter): Name = "SubClass"; Value = "Resistor"; VariantName = "[No Variations]"
Add component (AddParameter): Name = "Value"; Value = "10K"; VariantName = "[No Variations]"
Add component (AddParameter): Name = "Class"; Value = "Passive"; VariantName = "[No Variations]"
Add component (AddParameter): Name = "Manufacturer"; Value = "Generic Components"; VariantName = "[No Variations]"
Add component (AddParameter): Name = "Published"; Value = "08/06/2000"; VariantName = "[No Variations]"
Add component (AddParameter): Name = "Publisher"; Value = "Altium Hobart Technology Centre"; VariantName = "[No Variations]"
Add component (AddParameter): Name = "SubClass"; Value = "Resistor"; VariantName = "[No Variations]"
Add component (AddParameter): Name = "Value"; Value = "1K"; VariantName = "[No Variations]"
Added Component: Designator=R7(R1/4W)
Add component. Clean all parameters for all variants
Add component (AddParameter): Name = "Class"; Value = "Passive"; VariantName = "[No Variations]"
Add component (AddParameter): Name = "Manufacturer"; Value = "Generic Components"; VariantName = "[No Variations]"
Add component (AddParameter): Name = "Published"; Value = "08/06/2000"; VariantName = "[No Variations]"
Add component (AddParameter): Name = "Publisher"; Value = "Altium Hobart Technology Centre"; VariantName = "[No Variations]"
Add component (AddParameter): Name = "SubClass"; Value = "Resistor"; VariantName = "[No Variations]"
Add component (AddParameter): Name = "Value"; Value = "1K"; VariantName = "[No Variations]"
Add component (AddParameter): Name = "Value"; Value = "R1/4W - 1K"; VariantName = "[No Variations]"
Added Component: Designator=R8(SM-RES-1206)
Add component. Clean all parameters for all variants
Add component (AddParameter): Name = "Value"; Value = "R1/4W - 1K"; VariantName = "[No Variations]"
Add component (AddParameter): Name = "Class"; Value = "Passive"; VariantName = "[No Variations]"
Add component (AddParameter): Name = "Manufacturer"; Value = "Generic Components"; VariantName = "[No Variations]"
Add component (AddParameter): Name = "Published"; Value = "08/06/2000"; VariantName = "[No Variations]"
Add component (AddParameter): Name = "Publisher"; Value = "Altium Hobart Technology Centre"; VariantName = "[No Variations]"
Add component (AddParameter): Name = "SubClass"; Value = "Resistor"; VariantName = "[No Variations]"
Add component (AddParameter): Name = "Value"; Value = "220"; VariantName = "[No Variations]"
Added Component: Designator=R9(R1/4W)
Add component. Clean all parameters for all variants
Add component (AddParameter): Name = "Class"; Value = "Passive"; VariantName = "[No Variations]"
Add component (AddParameter): Name = "Manufacturer"; Value = "Generic Components"; VariantName = "[No Variations]"
Add component (AddParameter): Name = "Published"; Value = "08/06/2000"; VariantName = "[No Variations]"
Add component (AddParameter): Name = "Publisher"; Value = "Altium Hobart Technology Centre"; VariantName = "[No Variations]"
Add component (AddParameter): Name = "SubClass"; Value = "Resistor"; VariantName = "[No Variations]"
Add component (AddParameter): Name = "Value"; Value = "220"; VariantName = "[No Variations]"
Add component (AddParameter): Name = "Class"; Value = "Passive"; VariantName = "[No Variations]"
Add component (AddParameter): Name = "Manufacturer"; Value = "Generic Components"; VariantName = "[No Variations]"
Add component (AddParameter): Name = "Published"; Value = "08/06/2000"; VariantName = "[No Variations]"
Add component (AddParameter): Name = "Publisher"; Value = "Altium Hobart Technology Centre"; VariantName = "[No Variations]"
Add component (AddParameter): Name = "SubClass"; Value = "Resistor"; VariantName = "[No Variations]"
Add component (AddParameter): Name = "Value"; Value = "220"; VariantName = "[No Variations]"
Added Component: Designator=R10(R1/4W)
Add component. Clean all parameters for all variants
Add component (AddParameter): Name = "Class"; Value = "Passive"; VariantName = "[No Variations]"
Add component (AddParameter): Name = "Manufacturer"; Value = "Generic Components"; VariantName = "[No Variations]"
Add component (AddParameter): Name = "Published"; Value = "08/06/2000"; VariantName = "[No Variations]"
Add component (AddParameter): Name = "Publisher"; Value = "Altium Hobart Technology Centre"; VariantName = "[No Variations]"
Add component (AddParameter): Name = "SubClass"; Value = "Resistor"; VariantName = "[No Variations]"
Add component (AddParameter): Name = "Value"; Value = "220"; VariantName = "[No Variations]"
Add component (AddParameter): Name = "Class"; Value = "Passive"; VariantName = "[No Variations]"
Add component (AddParameter): Name = "Manufacturer"; Value = "Generic Components"; VariantName = "[No Variations]"
Add component (AddParameter): Name = "Published"; Value = "08/06/2000"; VariantName = "[No Variations]"
Add component (AddParameter): Name = "Publisher"; Value = "Altium Hobart Technology Centre"; VariantName = "[No Variations]"
Add component (AddParameter): Name = "SubClass"; Value = "Resistor"; VariantName = "[No Variations]"
Add component (AddParameter): Name = "Value"; Value = "220"; VariantName = "[No Variations]"
Added Component: Designator=R11(R1/4W)
Add component. Clean all parameters for all variants
Add component (AddParameter): Name = "Class"; Value = "Passive"; VariantName = "[No Variations]"
Add component (AddParameter): Name = "Manufacturer"; Value = "Generic Components"; VariantName = "[No Variations]"
Add component (AddParameter): Name = "Published"; Value = "08/06/2000"; VariantName = "[No Variations]"
Add component (AddParameter): Name = "Publisher"; Value = "Altium Hobart Technology Centre"; VariantName = "[No Variations]"
Add component (AddParameter): Name = "SubClass"; Value = "Resistor"; VariantName = "[No Variations]"
Add component (AddParameter): Name = "Value"; Value = "220"; VariantName = "[No Variations]"
Add component (AddParameter): Name = "Class"; Value = "Passive"; VariantName = "[No Variations]"
Add component (AddParameter): Name = "Manufacturer"; Value = "Generic Components"; VariantName = "[No Variations]"
Add component (AddParameter): Name = "Published"; Value = "08/06/2000"; VariantName = "[No Variations]"
Add component (AddParameter): Name = "Publisher"; Value = "Altium Hobart Technology Centre"; VariantName = "[No Variations]"
Add component (AddParameter): Name = "SubClass"; Value = "Resistor"; VariantName = "[No Variations]"
Add component (AddParameter): Name = "Value"; Value = "220"; VariantName = "[No Variations]"
Added Component: Designator=R12(R1/4W)
Add component. Clean all parameters for all variants
Add component (AddParameter): Name = "Class"; Value = "Passive"; VariantName = "[No Variations]"
Add component (AddParameter): Name = "Manufacturer"; Value = "Generic Components"; VariantName = "[No Variations]"
Add component (AddParameter): Name = "Published"; Value = "08/06/2000"; VariantName = "[No Variations]"
Add component (AddParameter): Name = "Publisher"; Value = "Altium Hobart Technology Centre"; VariantName = "[No Variations]"
Add component (AddParameter): Name = "SubClass"; Value = "Resistor"; VariantName = "[No Variations]"
Add component (AddParameter): Name = "Value"; Value = "220"; VariantName = "[No Variations]"
Add component (AddParameter): Name = "Class"; Value = "Passive"; VariantName = "[No Variations]"
Add component (AddParameter): Name = "Manufacturer"; Value = "Generic Components"; VariantName = "[No Variations]"
Add component (AddParameter): Name = "Published"; Value = "08/06/2000"; VariantName = "[No Variations]"
Add component (AddParameter): Name = "Publisher"; Value = "Altium Hobart Technology Centre"; VariantName = "[No Variations]"
Add component (AddParameter): Name = "SubClass"; Value = "Resistor"; VariantName = "[No Variations]"
Add component (AddParameter): Name = "Value"; Value = "10K"; VariantName = "[No Variations]"
Added Component: Designator=R13(R1/4W)
Add component. Clean all parameters for all variants
Add component (AddParameter): Name = "Class"; Value = "Passive"; VariantName = "[No Variations]"
Add component (AddParameter): Name = "Manufacturer"; Value = "Generic Components"; VariantName = "[No Variations]"
Add component (AddParameter): Name = "Published"; Value = "08/06/2000"; VariantName = "[No Variations]"
Add component (AddParameter): Name = "Publisher"; Value = "Altium Hobart Technology Centre"; VariantName = "[No Variations]"
Add component (AddParameter): Name = "SubClass"; Value = "Resistor"; VariantName = "[No Variations]"
Add component (AddParameter): Name = "Value"; Value = "10K"; VariantName = "[No Variations]"
Add component (AddParameter): Name = "Class"; Value = "Passive"; VariantName = "[No Variations]"
Add component (AddParameter): Name = "Manufacturer"; Value = "Generic Components"; VariantName = "[No Variations]"
Add component (AddParameter): Name = "Published"; Value = "08/06/2000"; VariantName = "[No Variations]"
Add component (AddParameter): Name = "Publisher"; Value = "Altium Hobart Technology Centre"; VariantName = "[No Variations]"
Add component (AddParameter): Name = "SubClass"; Value = "Resistor"; VariantName = "[No Variations]"
Add component (AddParameter): Name = "Value"; Value = "1K"; VariantName = "[No Variations]"
Added Component: Designator=R46(R1/4W)
Add component. Clean all parameters for all variants
Add component (AddParameter): Name = "Class"; Value = "Passive"; VariantName = "[No Variations]"
Add component (AddParameter): Name = "Manufacturer"; Value = "Generic Components"; VariantName = "[No Variations]"
Add component (AddParameter): Name = "Published"; Value = "08/06/2000"; VariantName = "[No Variations]"
Add component (AddParameter): Name = "Publisher"; Value = "Altium Hobart Technology Centre"; VariantName = "[No Variations]"
Add component (AddParameter): Name = "SubClass"; Value = "Resistor"; VariantName = "[No Variations]"
Add component (AddParameter): Name = "Value"; Value = "1K"; VariantName = "[No Variations]"
Add component (AddParameter): Name = "Value"; Value = "SW6"; VariantName = "[No Variations]"
Added Component: Designator=SW1(SW6)
Add component. Clean all parameters for all variants
Add component (AddParameter): Name = "Value"; Value = "SW6"; VariantName = "[No Variations]"
Add component (AddParameter): Name = "Value"; Value = "SW chip 2 pin"; VariantName = "[No Variations]"
Added Component: Designator=SW2(SW2)
Add component. Clean all parameters for all variants
Add component (AddParameter): Name = "Value"; Value = "SW chip 2 pin"; VariantName = "[No Variations]"
Add component (AddParameter): Name = "Value"; Value = "SW chip 2 pin"; VariantName = "[No Variations]"
Added Component: Designator=SW3(SW2)
Add component. Clean all parameters for all variants
Add component (AddParameter): Name = "Value"; Value = "SW chip 2 pin"; VariantName = "[No Variations]"
Add component (AddParameter): Name = "Value"; Value = "SW6"; VariantName = "[No Variations]"
Added Component: Designator=SW4(SW6)
Add component. Clean all parameters for all variants
Add component (AddParameter): Name = "Value"; Value = "SW6"; VariantName = "[No Variations]"
Add component (AddParameter): Name = "Value"; Value = "SW chip 2 pin"; VariantName = "[No Variations]"
Added Component: Designator=SW5(SW2)
Add component. Clean all parameters for all variants
Add component (AddParameter): Name = "Value"; Value = "SW chip 2 pin"; VariantName = "[No Variations]"
Add component (AddParameter): Name = "Value"; Value = "SW chip 2 pin"; VariantName = "[No Variations]"
Added Component: Designator=SW6(SW2)
Add component. Clean all parameters for all variants
Add component (AddParameter): Name = "Value"; Value = "SW chip 2 pin"; VariantName = "[No Variations]"
Added Component: Designator=U2(ESP8266)
Add component. Clean all parameters for all variants
Add component (AddParameter): Name = "Creator"; Value = "Nguyen Ba Bien"; VariantName = "[No Variations]"
Add component (AddParameter): Name = "Website"; Value = "http://group3i.net"; VariantName = "[No Variations]"
Added Component: Designator=U3(SOT223)
Add component. Clean all parameters for all variants
Add component (AddParameter): Name = "Creator"; Value = "Nguyen Ba Bien"; VariantName = "[No Variations]"
Add component (AddParameter): Name = "Website"; Value = "http://group3i.net"; VariantName = "[No Variations]"
Add component (AddParameter): Name = "Value"; Value = "LM35"; VariantName = "[No Variations]"
Added Component: Designator=U4(TO92-123)
Add component. Clean all parameters for all variants
Add component (AddParameter): Name = "Value"; Value = "LM35"; VariantName = "[No Variations]"
Add component (AddParameter): Name = "ComponentLink1Description"; Value = "Datasheet"; VariantName = "[No Variations]"
Add component (AddParameter): Name = "ComponentLink1URL"; Value = "http://ww1.microchip.com/downloads/en/DeviceDoc/41291F.pdf"; VariantName = "[No Variations]"
Add component (AddParameter): Name = "ComponentLink2Description"; Value = "Packaging Specification"; VariantName = "[No Variations]"
Add component (AddParameter): Name = "ComponentLink2URL"; Value = "http://www.microchip.com/stellent/groups/techpub_sg/documents/packagingspec/en012702.pdf"; VariantName = "[No Variations]"
Add component (AddParameter): Name = "ComponentLink3Description"; Value = "Microchip.com Home"; VariantName = "[No Variations]"
Add component (AddParameter): Name = "ComponentLink3URL"; Value = "http://www.microchip.com/"; VariantName = "[No Variations]"
Add component (AddParameter): Name = "DatasheetVersion"; Value = "revF, Apr-2009"; VariantName = "[No Variations]"
Add component (AddParameter): Name = "LatestRevisionDate"; Value = "02-Dec-2009"; VariantName = "[No Variations]"
Add component (AddParameter): Name = "LatestRevisionNote"; Value = "Updated datasheet to version revF, Apr-2009."; VariantName = "[No Variations]"
Add component (AddParameter): Name = "PackageDescription"; Value = "40-Lead Plastic Dual In-Line (P) - 600 mil Body [PDIP]"; VariantName = "[No Variations]"
Add component (AddParameter): Name = "PackageReference"; Value = "PDIP600-P40"; VariantName = "[No Variations]"
Add component (AddParameter): Name = "PackageVersion"; Value = "revBB, Aug-2009"; VariantName = "[No Variations]"
Add component (AddParameter): Name = "Published"; Value = "29-Jan-2009"; VariantName = "[No Variations]"
Add component (AddParameter): Name = "Publisher"; Value = "Altium Limited"; VariantName = "[No Variations]"
Add component (AddParameter): Name = "Supplier 1"; Value = "Digi-Key"; VariantName = "[No Variations]"
Add component (AddParameter): Name = "Supplier 2"; Value = "Farnell"; VariantName = "[No Variations]"
Add component (AddParameter): Name = "Supplier Part Number 1"; Value = "PIC16F887-E/P-ND"; VariantName = "[No Variations]"
Add component (AddParameter): Name = "Supplier Part Number 2"; Value = "1703423"; VariantName = "[No Variations]"
Added Component: Designator=U5(DIP40/W0.6)
Add component. Clean all parameters for all variants
Add component (AddParameter): Name = "ComponentLink1Description"; Value = "Datasheet"; VariantName = "[No Variations]"
Add component (AddParameter): Name = "ComponentLink1URL"; Value = "http://ww1.microchip.com/downloads/en/DeviceDoc/41291F.pdf"; VariantName = "[No Variations]"
Add component (AddParameter): Name = "ComponentLink2Description"; Value = "Packaging Specification"; VariantName = "[No Variations]"
Add component (AddParameter): Name = "ComponentLink2URL"; Value = "http://www.microchip.com/stellent/groups/techpub_sg/documents/packagingspec/en012702.pdf"; VariantName = "[No Variations]"
Add component (AddParameter): Name = "ComponentLink3Description"; Value = "Microchip.com Home"; VariantName = "[No Variations]"
Add component (AddParameter): Name = "ComponentLink3URL"; Value = "http://www.microchip.com/"; VariantName = "[No Variations]"
Add component (AddParameter): Name = "DatasheetVersion"; Value = "revF, Apr-2009"; VariantName = "[No Variations]"
Add component (AddParameter): Name = "LatestRevisionDate"; Value = "02-Dec-2009"; VariantName = "[No Variations]"
Add component (AddParameter): Name = "LatestRevisionNote"; Value = "Updated datasheet to version revF, Apr-2009."; VariantName = "[No Variations]"
Add component (AddParameter): Name = "PackageDescription"; Value = "40-Lead Plastic Dual In-Line (P) - 600 mil Body [PDIP]"; VariantName = "[No Variations]"
Add component (AddParameter): Name = "PackageReference"; Value = "PDIP600-P40"; VariantName = "[No Variations]"
Add component (AddParameter): Name = "PackageVersion"; Value = "revBB, Aug-2009"; VariantName = "[No Variations]"
Add component (AddParameter): Name = "Published"; Value = "29-Jan-2009"; VariantName = "[No Variations]"
Add component (AddParameter): Name = "Publisher"; Value = "Altium Limited"; VariantName = "[No Variations]"
Add component (AddParameter): Name = "Supplier 1"; Value = "Digi-Key"; VariantName = "[No Variations]"
Add component (AddParameter): Name = "Supplier 2"; Value = "Farnell"; VariantName = "[No Variations]"
Add component (AddParameter): Name = "Supplier Part Number 1"; Value = "PIC16F887-E/P-ND"; VariantName = "[No Variations]"
Add component (AddParameter): Name = "Supplier Part Number 2"; Value = "1703423"; VariantName = "[No Variations]"
Add component (AddParameter): Name = "Creator"; Value = "Nguyen Ba Bien"; VariantName = "[No Variations]"
Add component (AddParameter): Name = "Website"; Value = "http://group3i.net"; VariantName = "[No Variations]"
Added Component: Designator=U8(SOT223)
Add component. Clean all parameters for all variants
Add component (AddParameter): Name = "Creator"; Value = "Nguyen Ba Bien"; VariantName = "[No Variations]"
Add component (AddParameter): Name = "Website"; Value = "http://group3i.net"; VariantName = "[No Variations]"
Add component (AddParameter): Name = "Value"; Value = "LM35"; VariantName = "[No Variations]"
Added Component: Designator=U9(TO92-123)
Add component. Clean all parameters for all variants
Add component (AddParameter): Name = "Value"; Value = "LM35"; VariantName = "[No Variations]"
Add component (AddParameter): Name = "ComponentLink1Description"; Value = "Datasheet"; VariantName = "[No Variations]"
Add component (AddParameter): Name = "ComponentLink1URL"; Value = "http://ww1.microchip.com/downloads/en/DeviceDoc/41291F.pdf"; VariantName = "[No Variations]"
Add component (AddParameter): Name = "ComponentLink2Description"; Value = "Packaging Specification"; VariantName = "[No Variations]"
Add component (AddParameter): Name = "ComponentLink2URL"; Value = "http://www.microchip.com/stellent/groups/techpub_sg/documents/packagingspec/en012702.pdf"; VariantName = "[No Variations]"
Add component (AddParameter): Name = "ComponentLink3Description"; Value = "Microchip.com Home"; VariantName = "[No Variations]"
Add component (AddParameter): Name = "ComponentLink3URL"; Value = "http://www.microchip.com/"; VariantName = "[No Variations]"
Add component (AddParameter): Name = "DatasheetVersion"; Value = "revF, Apr-2009"; VariantName = "[No Variations]"
Add component (AddParameter): Name = "LatestRevisionDate"; Value = "02-Dec-2009"; VariantName = "[No Variations]"
Add component (AddParameter): Name = "LatestRevisionNote"; Value = "Updated datasheet to version revF, Apr-2009."; VariantName = "[No Variations]"
Add component (AddParameter): Name = "PackageDescription"; Value = "40-Lead Plastic Dual In-Line (P) - 600 mil Body [PDIP]"; VariantName = "[No Variations]"
Add component (AddParameter): Name = "PackageReference"; Value = "PDIP600-P40"; VariantName = "[No Variations]"
Add component (AddParameter): Name = "PackageVersion"; Value = "revBB, Aug-2009"; VariantName = "[No Variations]"
Add component (AddParameter): Name = "Published"; Value = "29-Jan-2009"; VariantName = "[No Variations]"
Add component (AddParameter): Name = "Publisher"; Value = "Altium Limited"; VariantName = "[No Variations]"
Add component (AddParameter): Name = "Supplier 1"; Value = "Digi-Key"; VariantName = "[No Variations]"
Add component (AddParameter): Name = "Supplier 2"; Value = "Farnell"; VariantName = "[No Variations]"
Add component (AddParameter): Name = "Supplier Part Number 1"; Value = "PIC16F887-E/P-ND"; VariantName = "[No Variations]"
Add component (AddParameter): Name = "Supplier Part Number 2"; Value = "1703423"; VariantName = "[No Variations]"
Added Component: Designator=U10(DIP40/W0.6)
Add component. Clean all parameters for all variants
Add component (AddParameter): Name = "ComponentLink1Description"; Value = "Datasheet"; VariantName = "[No Variations]"
Add component (AddParameter): Name = "ComponentLink1URL"; Value = "http://ww1.microchip.com/downloads/en/DeviceDoc/41291F.pdf"; VariantName = "[No Variations]"
Add component (AddParameter): Name = "ComponentLink2Description"; Value = "Packaging Specification"; VariantName = "[No Variations]"
Add component (AddParameter): Name = "ComponentLink2URL"; Value = "http://www.microchip.com/stellent/groups/techpub_sg/documents/packagingspec/en012702.pdf"; VariantName = "[No Variations]"
Add component (AddParameter): Name = "ComponentLink3Description"; Value = "Microchip.com Home"; VariantName = "[No Variations]"
Add component (AddParameter): Name = "ComponentLink3URL"; Value = "http://www.microchip.com/"; VariantName = "[No Variations]"
Add component (AddParameter): Name = "DatasheetVersion"; Value = "revF, Apr-2009"; VariantName = "[No Variations]"
Add component (AddParameter): Name = "LatestRevisionDate"; Value = "02-Dec-2009"; VariantName = "[No Variations]"
Add component (AddParameter): Name = "LatestRevisionNote"; Value = "Updated datasheet to version revF, Apr-2009."; VariantName = "[No Variations]"
Add component (AddParameter): Name = "PackageDescription"; Value = "40-Lead Plastic Dual In-Line (P) - 600 mil Body [PDIP]"; VariantName = "[No Variations]"
Add component (AddParameter): Name = "PackageReference"; Value = "PDIP600-P40"; VariantName = "[No Variations]"
Add component (AddParameter): Name = "PackageVersion"; Value = "revBB, Aug-2009"; VariantName = "[No Variations]"
Add component (AddParameter): Name = "Published"; Value = "29-Jan-2009"; VariantName = "[No Variations]"
Add component (AddParameter): Name = "Publisher"; Value = "Altium Limited"; VariantName = "[No Variations]"
Add component (AddParameter): Name = "Supplier 1"; Value = "Digi-Key"; VariantName = "[No Variations]"
Add component (AddParameter): Name = "Supplier 2"; Value = "Farnell"; VariantName = "[No Variations]"
Add component (AddParameter): Name = "Supplier Part Number 1"; Value = "PIC16F887-E/P-ND"; VariantName = "[No Variations]"
Add component (AddParameter): Name = "Supplier Part Number 2"; Value = "1703423"; VariantName = "[No Variations]"
Add component (AddParameter): Name = "Value"; Value = "4Mhz"; VariantName = "[No Variations]"
Added Component: Designator=X1(XT2)
Add component. Clean all parameters for all variants
Add component (AddParameter): Name = "Value"; Value = "4Mhz"; VariantName = "[No Variations]"
Add component (AddParameter): Name = "Value"; Value = "4Mhz"; VariantName = "[No Variations]"
Added Component: Designator=X2(XT2)
Add component. Clean all parameters for all variants
Add component (AddParameter): Name = "Value"; Value = "4Mhz"; VariantName = "[No Variations]"
Added Pin To Net: NetName=3.3V Pin=J1-2
Added Pin To Net: NetName=3.3V Pin=J1-4
Added Pin To Net: NetName=3.3V Pin=J2-2
Added Pin To Net: NetName=3.3V Pin=J2-4
Added Pin To Net: NetName=3.3V Pin=R1-2
Added Pin To Net: NetName=3.3V Pin=R8-2
Added Net: Name=3.3V
Added Pin To Net: NetName=ADC Pin=U4-2
Added Pin To Net: NetName=ADC Pin=U5-2
Added Pin To Net: NetName=ADC Pin=U9-2
Added Pin To Net: NetName=ADC Pin=U10-2
Added Net: Name=ADC
Added Pin To Net: NetName=C01 Pin=IC1-15
Added Pin To Net: NetName=C01 Pin=IC6-15
Added Pin To Net: NetName=C01 Pin=MT1-13
Added Pin To Net: NetName=C01 Pin=MT5-13
Added Net: Name=C01
Added Pin To Net: NetName=C02 Pin=IC1-1
Added Pin To Net: NetName=C02 Pin=IC6-1
Added Pin To Net: NetName=C02 Pin=MT1-3
Added Pin To Net: NetName=C02 Pin=MT5-3
Added Net: Name=C02
Added Pin To Net: NetName=C03 Pin=IC1-2
Added Pin To Net: NetName=C03 Pin=IC6-2
Added Pin To Net: NetName=C03 Pin=MT1-4
Added Pin To Net: NetName=C03 Pin=MT5-4
Added Net: Name=C03
Added Pin To Net: NetName=C04 Pin=IC1-3
Added Pin To Net: NetName=C04 Pin=IC6-3
Added Pin To Net: NetName=C04 Pin=MT1-10
Added Pin To Net: NetName=C04 Pin=MT5-10
Added Net: Name=C04
Added Pin To Net: NetName=C05 Pin=IC1-4
Added Pin To Net: NetName=C05 Pin=IC6-4
Added Pin To Net: NetName=C05 Pin=MT1-6
Added Pin To Net: NetName=C05 Pin=MT5-6
Added Net: Name=C05
Added Pin To Net: NetName=C06 Pin=IC1-5
Added Pin To Net: NetName=C06 Pin=IC6-5
Added Pin To Net: NetName=C06 Pin=MT1-11
Added Pin To Net: NetName=C06 Pin=MT5-11
Added Net: Name=C06
Added Pin To Net: NetName=C07 Pin=IC1-6
Added Pin To Net: NetName=C07 Pin=IC6-6
Added Pin To Net: NetName=C07 Pin=MT1-15
Added Pin To Net: NetName=C07 Pin=MT5-15
Added Net: Name=C07
Added Pin To Net: NetName=C08 Pin=IC1-7
Added Pin To Net: NetName=C08 Pin=IC6-7
Added Pin To Net: NetName=C08 Pin=MT1-16
Added Pin To Net: NetName=C08 Pin=MT5-16
Added Net: Name=C08
Added Pin To Net: NetName=C11 Pin=IC2-15
Added Pin To Net: NetName=C11 Pin=IC7-15
Added Pin To Net: NetName=C11 Pin=MT2-13
Added Pin To Net: NetName=C11 Pin=MT6-13
Added Net: Name=C11
Added Pin To Net: NetName=C12 Pin=IC2-1
Added Pin To Net: NetName=C12 Pin=IC7-1
Added Pin To Net: NetName=C12 Pin=MT2-3
Added Pin To Net: NetName=C12 Pin=MT6-3
Added Net: Name=C12
Added Pin To Net: NetName=C13 Pin=IC2-2
Added Pin To Net: NetName=C13 Pin=IC7-2
Added Pin To Net: NetName=C13 Pin=MT2-4
Added Pin To Net: NetName=C13 Pin=MT6-4
Added Net: Name=C13
Added Pin To Net: NetName=C14 Pin=IC2-3
Added Pin To Net: NetName=C14 Pin=IC7-3
Added Pin To Net: NetName=C14 Pin=MT2-10
Added Pin To Net: NetName=C14 Pin=MT6-10
Added Net: Name=C14
Added Pin To Net: NetName=C15 Pin=IC2-4
Added Pin To Net: NetName=C15 Pin=IC7-4
Added Pin To Net: NetName=C15 Pin=MT2-6
Added Pin To Net: NetName=C15 Pin=MT6-6
Added Net: Name=C15
Added Pin To Net: NetName=C16 Pin=IC2-5
Added Pin To Net: NetName=C16 Pin=IC7-5
Added Pin To Net: NetName=C16 Pin=MT2-11
Added Pin To Net: NetName=C16 Pin=MT6-11
Added Net: Name=C16
Added Pin To Net: NetName=C17 Pin=IC2-6
Added Pin To Net: NetName=C17 Pin=IC7-6
Added Pin To Net: NetName=C17 Pin=MT2-15
Added Pin To Net: NetName=C17 Pin=MT6-15
Added Net: Name=C17
Added Pin To Net: NetName=C18 Pin=IC2-7
Added Pin To Net: NetName=C18 Pin=IC7-7
Added Pin To Net: NetName=C18 Pin=MT2-16
Added Pin To Net: NetName=C18 Pin=MT6-16
Added Net: Name=C18
Added Pin To Net: NetName=C21 Pin=IC8-15
Added Pin To Net: NetName=C21 Pin=MT7-13
Added Net: Name=C21
Added Pin To Net: NetName=C22 Pin=IC8-1
Added Pin To Net: NetName=C22 Pin=MT7-3
Added Net: Name=C22
Added Pin To Net: NetName=C23 Pin=IC8-2
Added Pin To Net: NetName=C23 Pin=MT7-4
Added Net: Name=C23
Added Pin To Net: NetName=C24 Pin=IC8-3
Added Pin To Net: NetName=C24 Pin=MT7-10
Added Net: Name=C24
Added Pin To Net: NetName=C25 Pin=IC8-4
Added Pin To Net: NetName=C25 Pin=MT7-6
Added Net: Name=C25
Added Pin To Net: NetName=C26 Pin=IC8-5
Added Pin To Net: NetName=C26 Pin=MT7-11
Added Net: Name=C26
Added Pin To Net: NetName=C27 Pin=IC8-6
Added Pin To Net: NetName=C27 Pin=MT7-15
Added Net: Name=C27
Added Pin To Net: NetName=C28 Pin=IC8-7
Added Pin To Net: NetName=C28 Pin=MT7-16
Added Net: Name=C28
Added Pin To Net: NetName=C31 Pin=IC10-15
Added Pin To Net: NetName=C31 Pin=MT8-13
Added Net: Name=C31
Added Pin To Net: NetName=C32 Pin=IC10-1
Added Pin To Net: NetName=C32 Pin=MT8-3
Added Net: Name=C32
Added Pin To Net: NetName=C33 Pin=IC10-2
Added Pin To Net: NetName=C33 Pin=MT8-4
Added Net: Name=C33
Added Pin To Net: NetName=C34 Pin=IC10-3
Added Pin To Net: NetName=C34 Pin=MT8-10
Added Net: Name=C34
Added Pin To Net: NetName=C35 Pin=IC10-4
Added Pin To Net: NetName=C35 Pin=MT8-6
Added Net: Name=C35
Added Pin To Net: NetName=C36 Pin=IC10-5
Added Pin To Net: NetName=C36 Pin=MT8-11
Added Net: Name=C36
Added Pin To Net: NetName=C37 Pin=IC10-6
Added Pin To Net: NetName=C37 Pin=MT8-15
Added Net: Name=C37
Added Pin To Net: NetName=C38 Pin=IC10-7
Added Pin To Net: NetName=C38 Pin=MT8-16
Added Net: Name=C38
Added Pin To Net: NetName=DS1 Pin=IC1-9
Added Pin To Net: NetName=DS1 Pin=IC2-14
Added Net: Name=DS1
Added Pin To Net: NetName=DSrow Pin=IC3-14
Added Pin To Net: NetName=DSrow Pin=IC9-14
Added Pin To Net: NetName=DSrow Pin=U5-27
Added Pin To Net: NetName=DSrow Pin=U10-27
Added Net: Name=DSrow
Added Pin To Net: NetName=DS Pin=IC1-14
Added Pin To Net: NetName=DS Pin=IC6-14
Added Pin To Net: NetName=DS Pin=U5-20
Added Pin To Net: NetName=DS Pin=U10-20
Added Net: Name=DS
Added Pin To Net: NetName=GND Pin=C1-2
Added Pin To Net: NetName=GND Pin=C5-2
Added Pin To Net: NetName=GND Pin=C6-2
Added Pin To Net: NetName=GND Pin=C9-2
Added Pin To Net: NetName=GND Pin=C10-2
Added Pin To Net: NetName=GND Pin=C11-2
Added Pin To Net: NetName=GND Pin=C14-2
Added Pin To Net: NetName=GND Pin=C20-2
Added Pin To Net: NetName=GND Pin=C22-2
Added Pin To Net: NetName=GND Pin=C22-2
Added Pin To Net: NetName=GND Pin=C22-2
Added Pin To Net: NetName=GND Pin=C22-2
Added Pin To Net: NetName=GND Pin=D3-1
Added Pin To Net: NetName=GND Pin=D4-1
Added Pin To Net: NetName=GND Pin=D7-1
Added Pin To Net: NetName=GND Pin=D8-1
Added Pin To Net: NetName=GND Pin=IC1-8
Added Pin To Net: NetName=GND Pin=IC1-13
Added Pin To Net: NetName=GND Pin=IC2-8
Added Pin To Net: NetName=GND Pin=IC2-13
Added Pin To Net: NetName=GND Pin=IC3-8
Added Pin To Net: NetName=GND Pin=IC3-13
Added Pin To Net: NetName=GND Pin=IC4-8
Added Pin To Net: NetName=GND Pin=IC5-8
Added Pin To Net: NetName=GND Pin=IC6-8
Added Pin To Net: NetName=GND Pin=IC6-13
Added Pin To Net: NetName=GND Pin=IC7-8
Added Pin To Net: NetName=GND Pin=IC7-13
Added Pin To Net: NetName=GND Pin=IC8-8
Added Pin To Net: NetName=GND Pin=IC8-13
Added Pin To Net: NetName=GND Pin=IC9-8
Added Pin To Net: NetName=GND Pin=IC9-13
Added Pin To Net: NetName=GND Pin=IC10-8
Added Pin To Net: NetName=GND Pin=IC10-13
Added Pin To Net: NetName=GND Pin=J1-8
Added Pin To Net: NetName=GND Pin=J2-8
Added Pin To Net: NetName=GND Pin=JP2-3
Added Pin To Net: NetName=GND Pin=JP4-3
Added Pin To Net: NetName=GND Pin=LED1-2
Added Pin To Net: NetName=GND Pin=LED6-2
Added Pin To Net: NetName=GND Pin=SW2-2
Added Pin To Net: NetName=GND Pin=SW3-2
Added Pin To Net: NetName=GND Pin=SW5-2
Added Pin To Net: NetName=GND Pin=SW6-2
Added Pin To Net: NetName=GND Pin=U3-1
Added Pin To Net: NetName=GND Pin=U4-3
Added Pin To Net: NetName=GND Pin=U5-12
Added Pin To Net: NetName=GND Pin=U5-31
Added Pin To Net: NetName=GND Pin=U8-1
Added Pin To Net: NetName=GND Pin=U9-3
Added Pin To Net: NetName=GND Pin=U10-12
Added Pin To Net: NetName=GND Pin=U10-31
Added Net: Name=GND
Added Pin To Net: NetName=J1 Pin=C14-1
Added Pin To Net: NetName=J1 Pin=C22-1
Added Pin To Net: NetName=J1 Pin=JP2-1
Added Pin To Net: NetName=J1 Pin=JP4-1
Added Pin To Net: NetName=J1 Pin=R6-2
Added Pin To Net: NetName=J1 Pin=R13-2
Added Pin To Net: NetName=J1 Pin=SW3-1
Added Pin To Net: NetName=J1 Pin=SW6-1
Added Pin To Net: NetName=J1 Pin=U5-1
Added Pin To Net: NetName=J1 Pin=U10-1
Added Net: Name=J1
Added Pin To Net: NetName=J2 Pin=IC1-10
Added Pin To Net: NetName=J2 Pin=IC1-16
Added Pin To Net: NetName=J2 Pin=IC2-10
Added Pin To Net: NetName=J2 Pin=IC2-16
Added Pin To Net: NetName=J2 Pin=IC3-10
Added Pin To Net: NetName=J2 Pin=IC3-16
Added Pin To Net: NetName=J2 Pin=IC4-16
Added Pin To Net: NetName=J2 Pin=IC5-16
Added Pin To Net: NetName=J2 Pin=IC6-10
Added Pin To Net: NetName=J2 Pin=IC6-16
Added Pin To Net: NetName=J2 Pin=IC7-10
Added Pin To Net: NetName=J2 Pin=IC7-16
Added Pin To Net: NetName=J2 Pin=IC8-10
Added Pin To Net: NetName=J2 Pin=IC8-16
Added Pin To Net: NetName=J2 Pin=IC9-10
Added Pin To Net: NetName=J2 Pin=IC9-16
Added Pin To Net: NetName=J2 Pin=IC10-10
Added Pin To Net: NetName=J2 Pin=IC10-16
Added Pin To Net: NetName=J2 Pin=JP2-2
Added Pin To Net: NetName=J2 Pin=JP4-2
Added Pin To Net: NetName=J2 Pin=R2-1
Added Pin To Net: NetName=J2 Pin=R3-1
Added Pin To Net: NetName=J2 Pin=R4-1
Added Pin To Net: NetName=J2 Pin=R5-1
Added Pin To Net: NetName=J2 Pin=R6-1
Added Pin To Net: NetName=J2 Pin=R9-1
Added Pin To Net: NetName=J2 Pin=R10-1
Added Pin To Net: NetName=J2 Pin=R11-1
Added Pin To Net: NetName=J2 Pin=R12-1
Added Pin To Net: NetName=J2 Pin=R13-1
Added Pin To Net: NetName=J2 Pin=SW1-3
Added Pin To Net: NetName=J2 Pin=SW4-3
Added Pin To Net: NetName=J2 Pin=U4-1
Added Pin To Net: NetName=J2 Pin=U5-11
Added Pin To Net: NetName=J2 Pin=U5-32
Added Pin To Net: NetName=J2 Pin=U9-1
Added Pin To Net: NetName=J2 Pin=U10-11
Added Pin To Net: NetName=J2 Pin=U10-32
Added Net: Name=J2
Added Pin To Net: NetName=J4 Pin=JP1-7
Added Pin To Net: NetName=J4 Pin=JP2-4
Added Pin To Net: NetName=J4 Pin=JP3-7
Added Pin To Net: NetName=J4 Pin=JP4-4
Added Pin To Net: NetName=J4 Pin=U5-39
Added Pin To Net: NetName=J4 Pin=U10-39
Added Net: Name=J4
Added Pin To Net: NetName=J5 Pin=JP1-8
Added Pin To Net: NetName=J5 Pin=JP2-5
Added Pin To Net: NetName=J5 Pin=JP3-8
Added Pin To Net: NetName=J5 Pin=JP4-5
Added Pin To Net: NetName=J5 Pin=U5-40
Added Pin To Net: NetName=J5 Pin=U10-40
Added Net: Name=J5
Added Pin To Net: NetName=K1 Pin=JP1-1
Added Pin To Net: NetName=K1 Pin=JP3-1
Added Pin To Net: NetName=K1 Pin=U5-33
Added Pin To Net: NetName=K1 Pin=U10-33
Added Net: Name=K1
Added Pin To Net: NetName=K2 Pin=JP1-2
Added Pin To Net: NetName=K2 Pin=JP3-2
Added Pin To Net: NetName=K2 Pin=U5-34
Added Pin To Net: NetName=K2 Pin=U10-34
Added Net: Name=K2
Added Pin To Net: NetName=K3 Pin=JP1-3
Added Pin To Net: NetName=K3 Pin=JP3-3
Added Pin To Net: NetName=K3 Pin=U5-35
Added Pin To Net: NetName=K3 Pin=U10-35
Added Net: Name=K3
Added Pin To Net: NetName=K4 Pin=JP1-4
Added Pin To Net: NetName=K4 Pin=JP3-4
Added Pin To Net: NetName=K4 Pin=U5-36
Added Pin To Net: NetName=K4 Pin=U10-36
Added Net: Name=K4
Added Pin To Net: NetName=K5 Pin=JP1-5
Added Pin To Net: NetName=K5 Pin=JP3-5
Added Pin To Net: NetName=K5 Pin=U5-37
Added Pin To Net: NetName=K5 Pin=U10-37
Added Net: Name=K5
Added Pin To Net: NetName=K6 Pin=JP1-6
Added Pin To Net: NetName=K6 Pin=JP3-6
Added Pin To Net: NetName=K6 Pin=U5-38
Added Pin To Net: NetName=K6 Pin=U10-38
Added Net: Name=K6
Added Pin To Net: NetName=LED1 Pin=LED2-1
Added Pin To Net: NetName=LED1 Pin=LED7-1
Added Pin To Net: NetName=LED1 Pin=U5-15
Added Pin To Net: NetName=LED1 Pin=U10-15
Added Net: Name=LED1
Added Pin To Net: NetName=LED2 Pin=LED3-1
Added Pin To Net: NetName=LED2 Pin=LED8-1
Added Pin To Net: NetName=LED2 Pin=U5-16
Added Pin To Net: NetName=LED2 Pin=U10-16
Added Net: Name=LED2
Added Pin To Net: NetName=LED3 Pin=LED4-1
Added Pin To Net: NetName=LED3 Pin=LED9-1
Added Pin To Net: NetName=LED3 Pin=U5-17
Added Pin To Net: NetName=LED3 Pin=U10-17
Added Net: Name=LED3
Added Pin To Net: NetName=LED4 Pin=LED5-1
Added Pin To Net: NetName=LED4 Pin=LED10-1
Added Pin To Net: NetName=LED4 Pin=U5-18
Added Pin To Net: NetName=LED4 Pin=U10-18
Added Net: Name=LED4
Added Pin To Net: NetName=NetC1_1 Pin=C1-1
Added Pin To Net: NetName=NetC1_1 Pin=R46-2
Added Pin To Net: NetName=NetC1_1 Pin=SW1-2
Added Net: Name=NetC1_1
Added Pin To Net: NetName=NetC3_1 Pin=U5-5
Added Pin To Net: NetName=NetC3_1 Pin=U5-14
Added Pin To Net: NetName=NetC3_1 Pin=X1-2
Added Net: Name=NetC3_1
Added Pin To Net: NetName=NetC4_1 Pin=U5-13
Added Pin To Net: NetName=NetC4_1 Pin=X1-1
Added Net: Name=NetC4_1
Added Pin To Net: NetName=NetC5_1 Pin=C5-1
Added Pin To Net: NetName=NetC5_1 Pin=D5-2
Added Pin To Net: NetName=NetC5_1 Pin=D6-2
Added Net: Name=NetC5_1
Added Pin To Net: NetName=NetC6_1 Pin=C6-1
Added Pin To Net: NetName=NetC6_1 Pin=R7-2
Added Pin To Net: NetName=NetC6_1 Pin=SW4-2
Added Net: Name=NetC6_1
Added Pin To Net: NetName=NetC9_1 Pin=C9-1
Added Pin To Net: NetName=NetC9_1 Pin=U8-3
Added Net: Name=NetC9_1
Added Pin To Net: NetName=NetC10_1 Pin=C10-1
Added Pin To Net: NetName=NetC10_1 Pin=U8-2
Added Net: Name=NetC10_1
Added Pin To Net: NetName=NetC12_1 Pin=U10-5
Added Pin To Net: NetName=NetC12_1 Pin=U10-14
Added Pin To Net: NetName=NetC12_1 Pin=X2-2
Added Net: Name=NetC12_1
Added Pin To Net: NetName=NetC13_1 Pin=U10-13
Added Pin To Net: NetName=NetC13_1 Pin=X2-1
Added Net: Name=NetC13_1
Added Pin To Net: NetName=NetC20_1 Pin=C20-1
Added Pin To Net: NetName=NetC20_1 Pin=D1-2
Added Pin To Net: NetName=NetC20_1 Pin=D2-2
Added Net: Name=NetC20_1
Added Pin To Net: NetName=NetC22_1 Pin=C22-1
Added Pin To Net: NetName=NetC22_1 Pin=U3-3
Added Net: Name=NetC22_1
Added Pin To Net: NetName=NetCN1_1 Pin=CN1-1
Added Pin To Net: NetName=NetCN1_1 Pin=D2-1
Added Pin To Net: NetName=NetCN1_1 Pin=D4-2
Added Net: Name=NetCN1_1
Added Pin To Net: NetName=NetCN1_2 Pin=CN1-2
Added Pin To Net: NetName=NetCN1_2 Pin=D1-1
Added Pin To Net: NetName=NetCN1_2 Pin=D3-2
Added Net: Name=NetCN1_2
Added Pin To Net: NetName=NetCN2_1 Pin=CN2-1
Added Pin To Net: NetName=NetCN2_1 Pin=D6-1
Added Pin To Net: NetName=NetCN2_1 Pin=D8-2
Added Net: Name=NetCN2_1
Added Pin To Net: NetName=NetCN2_2 Pin=CN2-2
Added Pin To Net: NetName=NetCN2_2 Pin=D5-1
Added Pin To Net: NetName=NetCN2_2 Pin=D7-2
Added Net: Name=NetCN2_2
Added Pin To Net: NetName=NetLED1_1 Pin=LED1-1
Added Pin To Net: NetName=NetLED1_1 Pin=R46-1
Added Net: Name=NetLED1_1
Added Pin To Net: NetName=NetLED2_2 Pin=LED2-2
Added Pin To Net: NetName=NetLED2_2 Pin=R2-2
Added Net: Name=NetLED2_2
Added Pin To Net: NetName=NetLED3_2 Pin=LED3-2
Added Pin To Net: NetName=NetLED3_2 Pin=R3-2
Added Net: Name=NetLED3_2
Added Pin To Net: NetName=NetLED4_2 Pin=LED4-2
Added Pin To Net: NetName=NetLED4_2 Pin=R4-2
Added Net: Name=NetLED4_2
Added Pin To Net: NetName=NetLED5_2 Pin=LED5-2
Added Pin To Net: NetName=NetLED5_2 Pin=R5-2
Added Net: Name=NetLED5_2
Added Pin To Net: NetName=NetLED6_1 Pin=LED6-1
Added Pin To Net: NetName=NetLED6_1 Pin=R7-1
Added Net: Name=NetLED6_1
Added Pin To Net: NetName=NetLED7_2 Pin=LED7-2
Added Pin To Net: NetName=NetLED7_2 Pin=R9-2
Added Net: Name=NetLED7_2
Added Pin To Net: NetName=NetLED8_2 Pin=LED8-2
Added Pin To Net: NetName=NetLED8_2 Pin=R10-2
Added Net: Name=NetLED8_2
Added Pin To Net: NetName=NetLED9_2 Pin=LED9-2
Added Pin To Net: NetName=NetLED9_2 Pin=R11-2
Added Net: Name=NetLED9_2
Added Pin To Net: NetName=NetLED10_2 Pin=LED10-2
Added Pin To Net: NetName=NetLED10_2 Pin=R12-2
Added Net: Name=NetLED10_2
Added Pin To Net: NetName=QH1 Pin=IC6-9
Added Pin To Net: NetName=QH1 Pin=IC7-14
Added Net: Name=QH1
Added Pin To Net: NetName=QH2 Pin=IC7-9
Added Pin To Net: NetName=QH2 Pin=IC8-14
Added Net: Name=QH2
Added Pin To Net: NetName=QH3 Pin=IC8-9
Added Pin To Net: NetName=QH3 Pin=IC10-14
Added Net: Name=QH3
Added Pin To Net: NetName=R1 Pin=IC3-15
Added Pin To Net: NetName=R1 Pin=IC9-15
Added Pin To Net: NetName=R1 Pin=MT1-5
Added Pin To Net: NetName=R1 Pin=MT2-5
Added Pin To Net: NetName=R1 Pin=MT5-5
Added Pin To Net: NetName=R1 Pin=MT6-5
Added Pin To Net: NetName=R1 Pin=MT7-5
Added Pin To Net: NetName=R1 Pin=MT8-5
Added Net: Name=R1
Added Pin To Net: NetName=R2 Pin=IC3-1
Added Pin To Net: NetName=R2 Pin=IC9-1
Added Pin To Net: NetName=R2 Pin=MT1-2
Added Pin To Net: NetName=R2 Pin=MT2-2
Added Pin To Net: NetName=R2 Pin=MT5-2
Added Pin To Net: NetName=R2 Pin=MT6-2
Added Pin To Net: NetName=R2 Pin=MT7-2
Added Pin To Net: NetName=R2 Pin=MT8-2
Added Net: Name=R2
Added Pin To Net: NetName=R3 Pin=IC3-2
Added Pin To Net: NetName=R3 Pin=IC9-2
Added Pin To Net: NetName=R3 Pin=MT1-7
Added Pin To Net: NetName=R3 Pin=MT2-7
Added Pin To Net: NetName=R3 Pin=MT5-7
Added Pin To Net: NetName=R3 Pin=MT6-7
Added Pin To Net: NetName=R3 Pin=MT7-7
Added Pin To Net: NetName=R3 Pin=MT8-7
Added Net: Name=R3
Added Pin To Net: NetName=R4 Pin=IC3-3
Added Pin To Net: NetName=R4 Pin=IC9-3
Added Pin To Net: NetName=R4 Pin=MT1-1
Added Pin To Net: NetName=R4 Pin=MT2-1
Added Pin To Net: NetName=R4 Pin=MT5-1
Added Pin To Net: NetName=R4 Pin=MT6-1
Added Pin To Net: NetName=R4 Pin=MT7-1
Added Pin To Net: NetName=R4 Pin=MT8-1
Added Net: Name=R4
Added Pin To Net: NetName=R5 Pin=IC3-4
Added Pin To Net: NetName=R5 Pin=IC9-4
Added Pin To Net: NetName=R5 Pin=MT1-12
Added Pin To Net: NetName=R5 Pin=MT2-12
Added Pin To Net: NetName=R5 Pin=MT5-12
Added Pin To Net: NetName=R5 Pin=MT6-12
Added Pin To Net: NetName=R5 Pin=MT7-12
Added Pin To Net: NetName=R5 Pin=MT8-12
Added Net: Name=R5
Added Pin To Net: NetName=R6 Pin=IC3-5
Added Pin To Net: NetName=R6 Pin=IC9-5
Added Pin To Net: NetName=R6 Pin=MT1-8
Added Pin To Net: NetName=R6 Pin=MT2-8
Added Pin To Net: NetName=R6 Pin=MT5-8
Added Pin To Net: NetName=R6 Pin=MT6-8
Added Pin To Net: NetName=R6 Pin=MT7-8
Added Pin To Net: NetName=R6 Pin=MT8-8
Added Net: Name=R6
Added Pin To Net: NetName=R7 Pin=IC3-6
Added Pin To Net: NetName=R7 Pin=IC9-6
Added Pin To Net: NetName=R7 Pin=MT1-14
Added Pin To Net: NetName=R7 Pin=MT2-14
Added Pin To Net: NetName=R7 Pin=MT5-14
Added Pin To Net: NetName=R7 Pin=MT6-14
Added Pin To Net: NetName=R7 Pin=MT7-14
Added Pin To Net: NetName=R7 Pin=MT8-14
Added Net: Name=R7
Added Pin To Net: NetName=R8 Pin=IC3-7
Added Pin To Net: NetName=R8 Pin=IC9-7
Added Pin To Net: NetName=R8 Pin=MT1-9
Added Pin To Net: NetName=R8 Pin=MT2-9
Added Pin To Net: NetName=R8 Pin=MT5-9
Added Pin To Net: NetName=R8 Pin=MT6-9
Added Pin To Net: NetName=R8 Pin=MT7-9
Added Pin To Net: NetName=R8 Pin=MT8-9
Added Net: Name=R8
Added Pin To Net: NetName=RST Pin=C11-1
Added Pin To Net: NetName=RST Pin=C22-1
Added Pin To Net: NetName=RST Pin=J1-3
Added Pin To Net: NetName=RST Pin=J2-3
Added Pin To Net: NetName=RST Pin=R1-1
Added Pin To Net: NetName=RST Pin=R8-1
Added Pin To Net: NetName=RST Pin=SW2-1
Added Pin To Net: NetName=RST Pin=SW5-1
Added Net: Name=RST
Added Pin To Net: NetName=RX Pin=J1-1
Added Pin To Net: NetName=RX Pin=J2-1
Added Pin To Net: NetName=RX Pin=U5-26
Added Pin To Net: NetName=RX Pin=U10-26
Added Net: Name=RX
Added Pin To Net: NetName=SHrow Pin=IC3-11
Added Pin To Net: NetName=SHrow Pin=IC9-11
Added Pin To Net: NetName=SHrow Pin=U5-22
Added Pin To Net: NetName=SHrow Pin=U10-22
Added Net: Name=SHrow
Added Pin To Net: NetName=SH Pin=IC1-11
Added Pin To Net: NetName=SH Pin=IC2-11
Added Pin To Net: NetName=SH Pin=IC6-11
Added Pin To Net: NetName=SH Pin=IC7-11
Added Pin To Net: NetName=SH Pin=IC8-11
Added Pin To Net: NetName=SH Pin=IC10-11
Added Pin To Net: NetName=SH Pin=U5-19
Added Pin To Net: NetName=SH Pin=U10-19
Added Net: Name=SH
Added Pin To Net: NetName=ST Pin=IC1-12
Added Pin To Net: NetName=ST Pin=IC2-12
Added Pin To Net: NetName=ST Pin=IC3-12
Added Pin To Net: NetName=ST Pin=IC6-12
Added Pin To Net: NetName=ST Pin=IC7-12
Added Pin To Net: NetName=ST Pin=IC8-12
Added Pin To Net: NetName=ST Pin=IC9-12
Added Pin To Net: NetName=ST Pin=IC10-12
Added Pin To Net: NetName=ST Pin=U5-21
Added Pin To Net: NetName=ST Pin=U10-21
Added Net: Name=ST
Added Pin To Net: NetName=TX Pin=J1-5
Added Pin To Net: NetName=TX Pin=J2-5
Added Pin To Net: NetName=TX Pin=U5-25
Added Pin To Net: NetName=TX Pin=U10-25
Added Net: Name=TX
Added Class: Name=Machnguyenli
Added Class: Name=Sheet1
Added Room: Name=Machnguyenli
Added Room: Name=Sheet1
