Removed Pin From Net: NetName=GND Pin=C1-2
Removed Pin From Net: NetName=GND Pin=C20-2
Removed Pin From Net: NetName=GND Pin=C22-2
Removed Pin From Net: NetName=GND Pin=D3-1
Removed Pin From Net: NetName=GND Pin=D4-1
Removed Pin From Net: NetName=C02 Pin=IC1-1
Removed Pin From Net: NetName=C03 Pin=IC1-2
Removed Pin From Net: NetName=C04 Pin=IC1-3
Removed Pin From Net: NetName=C05 Pin=IC1-4
Removed Pin From Net: NetName=C06 Pin=IC1-5
Removed Pin From Net: NetName=C07 Pin=IC1-6
Removed Pin From Net: NetName=C08 Pin=IC1-7
Removed Pin From Net: NetName=GND Pin=IC1-8
Removed Pin From Net: NetName=J2 Pin=IC1-10
Removed Pin From Net: NetName=SH Pin=IC1-11
Removed Pin From Net: NetName=ST Pin=IC1-12
Removed Pin From Net: NetName=GND Pin=IC1-13
Removed Pin From Net: NetName=DS Pin=IC1-14
Removed Pin From Net: NetName=C01 Pin=IC1-15
Removed Pin From Net: NetName=J2 Pin=IC1-16
Removed Pin From Net: NetName=C12 Pin=IC2-1
Removed Pin From Net: NetName=C13 Pin=IC2-2
Removed Pin From Net: NetName=C14 Pin=IC2-3
Removed Pin From Net: NetName=C15 Pin=IC2-4
Removed Pin From Net: NetName=C16 Pin=IC2-5
Removed Pin From Net: NetName=C17 Pin=IC2-6
Removed Pin From Net: NetName=C18 Pin=IC2-7
Removed Pin From Net: NetName=GND Pin=IC2-8
Removed Pin From Net: NetName=J2 Pin=IC2-10
Removed Pin From Net: NetName=SH Pin=IC2-11
Removed Pin From Net: NetName=ST Pin=IC2-12
Removed Pin From Net: NetName=GND Pin=IC2-13
Removed Pin From Net: NetName=C11 Pin=IC2-15
Removed Pin From Net: NetName=J2 Pin=IC2-16
Removed Pin From Net: NetName=R2 Pin=IC3-1
Removed Pin From Net: NetName=R3 Pin=IC3-2
Removed Pin From Net: NetName=R4 Pin=IC3-3
Removed Pin From Net: NetName=R5 Pin=IC3-4
Removed Pin From Net: NetName=R6 Pin=IC3-5
Removed Pin From Net: NetName=R7 Pin=IC3-6
Removed Pin From Net: NetName=R8 Pin=IC3-7
Removed Pin From Net: NetName=GND Pin=IC3-8
Removed Pin From Net: NetName=J2 Pin=IC3-10
Removed Pin From Net: NetName=SHrow Pin=IC3-11
Removed Pin From Net: NetName=ST Pin=IC3-12
Removed Pin From Net: NetName=GND Pin=IC3-13
Removed Pin From Net: NetName=DSrow Pin=IC3-14
Removed Pin From Net: NetName=R1 Pin=IC3-15
Removed Pin From Net: NetName=J2 Pin=IC3-16
Removed Pin From Net: NetName=GND Pin=IC4-8
Removed Pin From Net: NetName=J2 Pin=IC4-16
Removed Pin From Net: NetName=GND Pin=IC5-8
Removed Pin From Net: NetName=J2 Pin=IC5-16
Removed Pin From Net: NetName=RX Pin=J1-1
Removed Pin From Net: NetName=3.3V Pin=J1-2
Removed Pin From Net: NetName=RST Pin=J1-3
Removed Pin From Net: NetName=3.3V Pin=J1-4
Removed Pin From Net: NetName=TX Pin=J1-5
Removed Pin From Net: NetName=GND Pin=J1-8
Removed Pin From Net: NetName=K1 Pin=JP1-1
Removed Pin From Net: NetName=K2 Pin=JP1-2
Removed Pin From Net: NetName=K3 Pin=JP1-3
Removed Pin From Net: NetName=K4 Pin=JP1-4
Removed Pin From Net: NetName=K5 Pin=JP1-5
Removed Pin From Net: NetName=K6 Pin=JP1-6
Removed Pin From Net: NetName=J4 Pin=JP1-7
Removed Pin From Net: NetName=J5 Pin=JP1-8
Removed Pin From Net: NetName=J1 Pin=JP2-1
Removed Pin From Net: NetName=J2 Pin=JP2-2
Removed Pin From Net: NetName=GND Pin=JP2-3
Removed Pin From Net: NetName=J4 Pin=JP2-4
Removed Pin From Net: NetName=J5 Pin=JP2-5
Removed Pin From Net: NetName=GND Pin=LED1-2
Removed Pin From Net: NetName=LED1 Pin=LED2-1
Removed Pin From Net: NetName=LED2 Pin=LED3-1
Removed Pin From Net: NetName=LED3 Pin=LED4-1
Removed Pin From Net: NetName=LED4 Pin=LED5-1
Removed Pin From Net: NetName=R4 Pin=MT1-1
Removed Pin From Net: NetName=R2 Pin=MT1-2
Removed Pin From Net: NetName=C02 Pin=MT1-3
Removed Pin From Net: NetName=C03 Pin=MT1-4
Removed Pin From Net: NetName=R1 Pin=MT1-5
Removed Pin From Net: NetName=C05 Pin=MT1-6
Removed Pin From Net: NetName=R3 Pin=MT1-7
Removed Pin From Net: NetName=R6 Pin=MT1-8
Removed Pin From Net: NetName=R8 Pin=MT1-9
Removed Pin From Net: NetName=C04 Pin=MT1-10
Removed Pin From Net: NetName=C06 Pin=MT1-11
Removed Pin From Net: NetName=R5 Pin=MT1-12
Removed Pin From Net: NetName=C01 Pin=MT1-13
Removed Pin From Net: NetName=R7 Pin=MT1-14
Removed Pin From Net: NetName=C07 Pin=MT1-15
Removed Pin From Net: NetName=C08 Pin=MT1-16
Removed Pin From Net: NetName=R4 Pin=MT2-1
Removed Pin From Net: NetName=R2 Pin=MT2-2
Removed Pin From Net: NetName=C12 Pin=MT2-3
Removed Pin From Net: NetName=C13 Pin=MT2-4
Removed Pin From Net: NetName=R1 Pin=MT2-5
Removed Pin From Net: NetName=C15 Pin=MT2-6
Removed Pin From Net: NetName=R3 Pin=MT2-7
Removed Pin From Net: NetName=R6 Pin=MT2-8
Removed Pin From Net: NetName=R8 Pin=MT2-9
Removed Pin From Net: NetName=C14 Pin=MT2-10
Removed Pin From Net: NetName=C16 Pin=MT2-11
Removed Pin From Net: NetName=R5 Pin=MT2-12
Removed Pin From Net: NetName=C11 Pin=MT2-13
Removed Pin From Net: NetName=R7 Pin=MT2-14
Removed Pin From Net: NetName=C17 Pin=MT2-15
Removed Pin From Net: NetName=C18 Pin=MT2-16
Removed Pin From Net: NetName=RST Pin=R1-1
Removed Pin From Net: NetName=3.3V Pin=R1-2
Removed Pin From Net: NetName=J2 Pin=R2-1
Removed Pin From Net: NetName=J2 Pin=R3-1
Removed Pin From Net: NetName=J2 Pin=R4-1
Removed Pin From Net: NetName=J2 Pin=R5-1
Removed Pin From Net: NetName=J2 Pin=R6-1
Removed Pin From Net: NetName=J1 Pin=R6-2
Removed Pin From Net: NetName=J2 Pin=SW1-3
Removed Pin From Net: NetName=RST Pin=SW2-1
Removed Pin From Net: NetName=GND Pin=SW2-2
Removed Pin From Net: NetName=J1 Pin=SW3-1
Removed Pin From Net: NetName=GND Pin=SW3-2
Removed Pin From Net: NetName=GND Pin=U3-1
Removed Pin From Net: NetName=J2 Pin=U4-1
Removed Pin From Net: NetName=ADC Pin=U4-2
Removed Pin From Net: NetName=GND Pin=U4-3
Removed Pin From Net: NetName=J1 Pin=U5-1
Removed Pin From Net: NetName=ADC Pin=U5-2
Removed Pin From Net: NetName=J2 Pin=U5-11
Removed Pin From Net: NetName=GND Pin=U5-12
Removed Pin From Net: NetName=LED1 Pin=U5-15
Removed Pin From Net: NetName=LED2 Pin=U5-16
Removed Pin From Net: NetName=LED3 Pin=U5-17
Removed Pin From Net: NetName=LED4 Pin=U5-18
Removed Pin From Net: NetName=SH Pin=U5-19
Removed Pin From Net: NetName=DS Pin=U5-20
Removed Pin From Net: NetName=ST Pin=U5-21
Removed Pin From Net: NetName=SHrow Pin=U5-22
Removed Pin From Net: NetName=TX Pin=U5-25
Removed Pin From Net: NetName=RX Pin=U5-26
Removed Pin From Net: NetName=DSrow Pin=U5-27
Removed Pin From Net: NetName=GND Pin=U5-31
Removed Pin From Net: NetName=J2 Pin=U5-32
Removed Pin From Net: NetName=K1 Pin=U5-33
Removed Pin From Net: NetName=K2 Pin=U5-34
Removed Pin From Net: NetName=K3 Pin=U5-35
Removed Pin From Net: NetName=K4 Pin=U5-36
Removed Pin From Net: NetName=K5 Pin=U5-37
Removed Pin From Net: NetName=K6 Pin=U5-38
Removed Pin From Net: NetName=J4 Pin=U5-39
Removed Pin From Net: NetName=J5 Pin=U5-40
Change component parameters (AddParameter): Name = "LatestRevisionDate"; Value = "17-Jul-2002"; VariantName = "[No Variations]"
Change component parameters (AddParameter): Name = "LatestRevisionNote"; Value = "Re-released for DXP Platform."; VariantName = "[No Variations]"
Change component parameters (AddParameter): Name = "PackageReference"; Value = "C0805"; VariantName = "[No Variations]"
Change component parameters (AddParameter): Name = "Publisher"; Value = "Altium Limited"; VariantName = "[No Variations]"
Change component parameters (AddParameter): Name = "Value"; Value = "1000pF/35V"; VariantName = "[No Variations]"
Change component parameters (AddParameter ignored because duplicated): Name = "VALUE"; Value = "C?"; VariantName = "[No Variations]"
Change component parameters. Clean all parameters for all variants
Change component parameters (AddParameter): Name = "LatestRevisionDate"; Value = "17-Jul-2002"; VariantName = "[No Variations]"
Change component parameters (AddParameter): Name = "LatestRevisionNote"; Value = "Re-released for DXP Platform."; VariantName = "[No Variations]"
Change component parameters (AddParameter): Name = "PackageReference"; Value = "C0805"; VariantName = "[No Variations]"
Change component parameters (AddParameter): Name = "Publisher"; Value = "Altium Limited"; VariantName = "[No Variations]"
Change component parameters (AddParameter): Name = "Value"; Value = "1000pF/35V"; VariantName = "[No Variations]"
Change component parameters (AddParameter ignored because duplicated): Name = "VALUE"; Value = "C?"; VariantName = "[No Variations]"
Change component parameters (AddParameter): Name = "LatestRevisionDate"; Value = "17-Jul-2002"; VariantName = "[No Variations]"
Change component parameters (AddParameter): Name = "LatestRevisionNote"; Value = "Re-released for DXP Platform."; VariantName = "[No Variations]"
Change component parameters (AddParameter): Name = "PackageReference"; Value = "C0805"; VariantName = "[No Variations]"
Change component parameters (AddParameter): Name = "Publisher"; Value = "Altium Limited"; VariantName = "[No Variations]"
Change component parameters (AddParameter): Name = "Value"; Value = "1000pF/35V"; VariantName = "[No Variations]"
Change component parameters (AddParameter ignored because duplicated): Name = "VALUE"; Value = "C?"; VariantName = "[No Variations]"
Change component parameters. Clean all parameters for all variants
Change component parameters (AddParameter): Name = "LatestRevisionDate"; Value = "17-Jul-2002"; VariantName = "[No Variations]"
Change component parameters (AddParameter): Name = "LatestRevisionNote"; Value = "Re-released for DXP Platform."; VariantName = "[No Variations]"
Change component parameters (AddParameter): Name = "PackageReference"; Value = "C0805"; VariantName = "[No Variations]"
Change component parameters (AddParameter): Name = "Publisher"; Value = "Altium Limited"; VariantName = "[No Variations]"
Change component parameters (AddParameter): Name = "Value"; Value = "1000pF/35V"; VariantName = "[No Variations]"
Change component parameters (AddParameter ignored because duplicated): Name = "VALUE"; Value = "C?"; VariantName = "[No Variations]"
Change component parameters (AddParameter): Name = "LatestRevisionDate"; Value = "17-Jul-2002"; VariantName = "[No Variations]"
Change component parameters (AddParameter): Name = "LatestRevisionNote"; Value = "Re-released for DXP Platform."; VariantName = "[No Variations]"
Change component parameters (AddParameter): Name = "PackageReference"; Value = "C0805"; VariantName = "[No Variations]"
Change component parameters (AddParameter): Name = "Publisher"; Value = "Altium Limited"; VariantName = "[No Variations]"
Change component parameters (AddParameter): Name = "Value"; Value = "1000pF/35V"; VariantName = "[No Variations]"
Change component parameters (AddParameter ignored because duplicated): Name = "VALUE"; Value = "C?"; VariantName = "[No Variations]"
Change component parameters. Clean all parameters for all variants
Change component parameters (AddParameter): Name = "LatestRevisionDate"; Value = "17-Jul-2002"; VariantName = "[No Variations]"
Change component parameters (AddParameter): Name = "LatestRevisionNote"; Value = "Re-released for DXP Platform."; VariantName = "[No Variations]"
Change component parameters (AddParameter): Name = "PackageReference"; Value = "C0805"; VariantName = "[No Variations]"
Change component parameters (AddParameter): Name = "Publisher"; Value = "Altium Limited"; VariantName = "[No Variations]"
Change component parameters (AddParameter): Name = "Value"; Value = "1000pF/35V"; VariantName = "[No Variations]"
Change component parameters (AddParameter ignored because duplicated): Name = "VALUE"; Value = "C?"; VariantName = "[No Variations]"
Change component parameters (AddParameter): Name = "LatestRevisionDate"; Value = "17-Jul-2002"; VariantName = "[No Variations]"
Change component parameters (AddParameter): Name = "LatestRevisionNote"; Value = "Re-released for DXP Platform."; VariantName = "[No Variations]"
Change component parameters (AddParameter): Name = "PackageReference"; Value = "C0805"; VariantName = "[No Variations]"
Change component parameters (AddParameter): Name = "Publisher"; Value = "Altium Limited"; VariantName = "[No Variations]"
Change component parameters (AddParameter): Name = "Value"; Value = "1000pF/35V"; VariantName = "[No Variations]"
Change component parameters (AddParameter ignored because duplicated): Name = "VALUE"; Value = "C?"; VariantName = "[No Variations]"
Change component parameters. Clean all parameters for all variants
Change component parameters (AddParameter): Name = "LatestRevisionDate"; Value = "17-Jul-2002"; VariantName = "[No Variations]"
Change component parameters (AddParameter): Name = "LatestRevisionNote"; Value = "Re-released for DXP Platform."; VariantName = "[No Variations]"
Change component parameters (AddParameter): Name = "PackageReference"; Value = "C0805"; VariantName = "[No Variations]"
Change component parameters (AddParameter): Name = "Publisher"; Value = "Altium Limited"; VariantName = "[No Variations]"
Change component parameters (AddParameter): Name = "Value"; Value = "1000pF/35V"; VariantName = "[No Variations]"
Change component parameters (AddParameter ignored because duplicated): Name = "VALUE"; Value = "C?"; VariantName = "[No Variations]"
Change component parameters (AddParameter): Name = "LatestRevisionDate"; Value = "17-Jul-2002"; VariantName = "[No Variations]"
Change component parameters (AddParameter): Name = "LatestRevisionNote"; Value = "Re-released for DXP Platform."; VariantName = "[No Variations]"
Change component parameters (AddParameter): Name = "PackageReference"; Value = "C0805"; VariantName = "[No Variations]"
Change component parameters (AddParameter): Name = "Publisher"; Value = "Altium Limited"; VariantName = "[No Variations]"
Change component parameters (AddParameter): Name = "Value"; Value = "1000pF/35V"; VariantName = "[No Variations]"
Change component parameters (AddParameter ignored because duplicated): Name = "VALUE"; Value = "C?"; VariantName = "[No Variations]"
Change component parameters. Clean all parameters for all variants
Change component parameters (AddParameter): Name = "LatestRevisionDate"; Value = "17-Jul-2002"; VariantName = "[No Variations]"
Change component parameters (AddParameter): Name = "LatestRevisionNote"; Value = "Re-released for DXP Platform."; VariantName = "[No Variations]"
Change component parameters (AddParameter): Name = "PackageReference"; Value = "C0805"; VariantName = "[No Variations]"
Change component parameters (AddParameter): Name = "Publisher"; Value = "Altium Limited"; VariantName = "[No Variations]"
Change component parameters (AddParameter): Name = "Value"; Value = "1000pF/35V"; VariantName = "[No Variations]"
Change component parameters (AddParameter ignored because duplicated): Name = "VALUE"; Value = "C?"; VariantName = "[No Variations]"
Change component parameters (AddParameter): Name = "LatestRevisionDate"; Value = "17-Jul-2002"; VariantName = "[No Variations]"
Change component parameters (AddParameter): Name = "LatestRevisionNote"; Value = "Re-released for DXP Platform."; VariantName = "[No Variations]"
Change component parameters (AddParameter): Name = "PackageReference"; Value = "C0805"; VariantName = "[No Variations]"
Change component parameters (AddParameter): Name = "Publisher"; Value = "Altium Limited"; VariantName = "[No Variations]"
Change component parameters (AddParameter): Name = "Value"; Value = "100uF"; VariantName = "[No Variations]"
Change component parameters (AddParameter ignored because duplicated): Name = "VALUE"; Value = "C?"; VariantName = "[No Variations]"
Change component parameters. Clean all parameters for all variants
Change component parameters (AddParameter): Name = "LatestRevisionDate"; Value = "17-Jul-2002"; VariantName = "[No Variations]"
Change component parameters (AddParameter): Name = "LatestRevisionNote"; Value = "Re-released for DXP Platform."; VariantName = "[No Variations]"
Change component parameters (AddParameter): Name = "PackageReference"; Value = "C0805"; VariantName = "[No Variations]"
Change component parameters (AddParameter): Name = "Publisher"; Value = "Altium Limited"; VariantName = "[No Variations]"
Change component parameters (AddParameter): Name = "Value"; Value = "100uF"; VariantName = "[No Variations]"
Change component parameters (AddParameter ignored because duplicated): Name = "VALUE"; Value = "C?"; VariantName = "[No Variations]"
