Removed Pin From Net: NetName=J2 Pin=C7-1
Removed Pin From Net: NetName=J2 Pin=C7-2
Change Component Comment : Designator=C7 Old Comment=JP4x2-2.0 New Comment=ESP8266
Change component parameters (AddParameter): Name = "LatestRevisionDate"; Value = "17-Jul-2002"; VariantName = "[No Variations]"
Change component parameters (AddParameter): Name = "LatestRevisionNote"; Value = "Re-released for DXP Platform."; VariantName = "[No Variations]"
Change component parameters (AddParameter): Name = "PackageReference"; Value = "C0805"; VariantName = "[No Variations]"
Change component parameters (AddParameter): Name = "Publisher"; Value = "Altium Limited"; VariantName = "[No Variations]"
Change component parameters (AddParameter): Name = "Value"; Value = "1000pF/35V"; VariantName = "[No Variations]"
Change component parameters (AddParameter ignored because duplicated): Name = "VALUE"; Value = "C?"; VariantName = "[No Variations]"
Change component parameters. Clean all parameters for all variants
Change component parameters (AddParameter): Name = "LatestRevisionDate"; Value = "17-Jul-2002"; VariantName = "[No Variations]"
Change component parameters (AddParameter): Name = "LatestRevisionNote"; Value = "Re-released for DXP Platform."; VariantName = "[No Variations]"
Change component parameters (AddParameter): Name = "PackageReference"; Value = "C0805"; VariantName = "[No Variations]"
Change component parameters (AddParameter): Name = "Publisher"; Value = "Altium Limited"; VariantName = "[No Variations]"
Change component parameters (AddParameter): Name = "Value"; Value = "1000pF/35V"; VariantName = "[No Variations]"
Change component parameters (AddParameter ignored because duplicated): Name = "VALUE"; Value = "C?"; VariantName = "[No Variations]"
Change component parameters (AddParameter): Name = "LatestRevisionDate"; Value = "17-Jul-2002"; VariantName = "[No Variations]"
Change component parameters (AddParameter): Name = "LatestRevisionNote"; Value = "Re-released for DXP Platform."; VariantName = "[No Variations]"
Change component parameters (AddParameter): Name = "PackageReference"; Value = "C0805"; VariantName = "[No Variations]"
Change component parameters (AddParameter): Name = "Publisher"; Value = "Altium Limited"; VariantName = "[No Variations]"
Change component parameters (AddParameter): Name = "Value"; Value = "1000pF/35V"; VariantName = "[No Variations]"
Change component parameters (AddParameter ignored because duplicated): Name = "VALUE"; Value = "C?"; VariantName = "[No Variations]"
Change component parameters. Clean all parameters for all variants
Change component parameters (AddParameter): Name = "LatestRevisionDate"; Value = "17-Jul-2002"; VariantName = "[No Variations]"
Change component parameters (AddParameter): Name = "LatestRevisionNote"; Value = "Re-released for DXP Platform."; VariantName = "[No Variations]"
Change component parameters (AddParameter): Name = "PackageReference"; Value = "C0805"; VariantName = "[No Variations]"
Change component parameters (AddParameter): Name = "Publisher"; Value = "Altium Limited"; VariantName = "[No Variations]"
Change component parameters (AddParameter): Name = "Value"; Value = "1000pF/35V"; VariantName = "[No Variations]"
Change component parameters (AddParameter ignored because duplicated): Name = "VALUE"; Value = "C?"; VariantName = "[No Variations]"
Change component parameters (AddParameter): Name = "LatestRevisionDate"; Value = "17-Jul-2002"; VariantName = "[No Variations]"
Change component parameters (AddParameter): Name = "LatestRevisionNote"; Value = "Re-released for DXP Platform."; VariantName = "[No Variations]"
Change component parameters (AddParameter): Name = "PackageReference"; Value = "C0805"; VariantName = "[No Variations]"
Change component parameters (AddParameter): Name = "Publisher"; Value = "Altium Limited"; VariantName = "[No Variations]"
Change component parameters (AddParameter): Name = "Value"; Value = "1000pF/35V"; VariantName = "[No Variations]"
Change component parameters (AddParameter ignored because duplicated): Name = "VALUE"; Value = "C?"; VariantName = "[No Variations]"
Change component parameters. Clean all parameters for all variants
Change component parameters (AddParameter): Name = "LatestRevisionDate"; Value = "17-Jul-2002"; VariantName = "[No Variations]"
Change component parameters (AddParameter): Name = "LatestRevisionNote"; Value = "Re-released for DXP Platform."; VariantName = "[No Variations]"
Change component parameters (AddParameter): Name = "PackageReference"; Value = "C0805"; VariantName = "[No Variations]"
Change component parameters (AddParameter): Name = "Publisher"; Value = "Altium Limited"; VariantName = "[No Variations]"
Change component parameters (AddParameter): Name = "Value"; Value = "1000pF/35V"; VariantName = "[No Variations]"
Change component parameters (AddParameter ignored because duplicated): Name = "VALUE"; Value = "C?"; VariantName = "[No Variations]"
Change component parameters (AddParameter): Name = "LatestRevisionDate"; Value = "17-Jul-2002"; VariantName = "[No Variations]"
Change component parameters (AddParameter): Name = "LatestRevisionNote"; Value = "Re-released for DXP Platform."; VariantName = "[No Variations]"
Change component parameters (AddParameter): Name = "PackageReference"; Value = "C0805"; VariantName = "[No Variations]"
Change component parameters (AddParameter): Name = "Publisher"; Value = "Altium Limited"; VariantName = "[No Variations]"
Change component parameters (AddParameter): Name = "Value"; Value = "1000pF/35V"; VariantName = "[No Variations]"
Change component parameters (AddParameter ignored because duplicated): Name = "VALUE"; Value = "C?"; VariantName = "[No Variations]"
Change component parameters. Clean all parameters for all variants
Change component parameters (AddParameter): Name = "LatestRevisionDate"; Value = "17-Jul-2002"; VariantName = "[No Variations]"
Change component parameters (AddParameter): Name = "LatestRevisionNote"; Value = "Re-released for DXP Platform."; VariantName = "[No Variations]"
Change component parameters (AddParameter): Name = "PackageReference"; Value = "C0805"; VariantName = "[No Variations]"
Change component parameters (AddParameter): Name = "Publisher"; Value = "Altium Limited"; VariantName = "[No Variations]"
Change component parameters (AddParameter): Name = "Value"; Value = "1000pF/35V"; VariantName = "[No Variations]"
Change component parameters (AddParameter ignored because duplicated): Name = "VALUE"; Value = "C?"; VariantName = "[No Variations]"
Change component parameters (AddParameter): Name = "LatestRevisionDate"; Value = "17-Jul-2002"; VariantName = "[No Variations]"
Change component parameters (AddParameter): Name = "LatestRevisionNote"; Value = "Re-released for DXP Platform."; VariantName = "[No Variations]"
Change component parameters (AddParameter): Name = "PackageReference"; Value = "C0805"; VariantName = "[No Variations]"
Change component parameters (AddParameter): Name = "Publisher"; Value = "Altium Limited"; VariantName = "[No Variations]"
Change component parameters (AddParameter): Name = "Value"; Value = "1000pF/35V"; VariantName = "[No Variations]"
Change component parameters (AddParameter ignored because duplicated): Name = "VALUE"; Value = "C?"; VariantName = "[No Variations]"
Change component parameters. Clean all parameters for all variants
Change component parameters (AddParameter): Name = "LatestRevisionDate"; Value = "17-Jul-2002"; VariantName = "[No Variations]"
Change component parameters (AddParameter): Name = "LatestRevisionNote"; Value = "Re-released for DXP Platform."; VariantName = "[No Variations]"
Change component parameters (AddParameter): Name = "PackageReference"; Value = "C0805"; VariantName = "[No Variations]"
Change component parameters (AddParameter): Name = "Publisher"; Value = "Altium Limited"; VariantName = "[No Variations]"
Change component parameters (AddParameter): Name = "Value"; Value = "1000pF/35V"; VariantName = "[No Variations]"
Change component parameters (AddParameter ignored because duplicated): Name = "VALUE"; Value = "C?"; VariantName = "[No Variations]"
Change component parameters (AddParameter): Name = "LatestRevisionDate"; Value = "17-Jul-2002"; VariantName = "[No Variations]"
Change component parameters (AddParameter): Name = "LatestRevisionNote"; Value = "Re-released for DXP Platform."; VariantName = "[No Variations]"
Change component parameters (AddParameter): Name = "PackageReference"; Value = "C0805"; VariantName = "[No Variations]"
Change component parameters (AddParameter): Name = "Publisher"; Value = "Altium Limited"; VariantName = "[No Variations]"
Change component parameters (AddParameter): Name = "Value"; Value = "100uF"; VariantName = "[No Variations]"
Change component parameters (AddParameter ignored because duplicated): Name = "VALUE"; Value = "C?"; VariantName = "[No Variations]"
Change component parameters. Clean all parameters for all variants
Change component parameters (AddParameter): Name = "LatestRevisionDate"; Value = "17-Jul-2002"; VariantName = "[No Variations]"
Change component parameters (AddParameter): Name = "LatestRevisionNote"; Value = "Re-released for DXP Platform."; VariantName = "[No Variations]"
Change component parameters (AddParameter): Name = "PackageReference"; Value = "C0805"; VariantName = "[No Variations]"
Change component parameters (AddParameter): Name = "Publisher"; Value = "Altium Limited"; VariantName = "[No Variations]"
Change component parameters (AddParameter): Name = "Value"; Value = "100uF"; VariantName = "[No Variations]"
Change component parameters (AddParameter ignored because duplicated): Name = "VALUE"; Value = "C?"; VariantName = "[No Variations]"
Add component (AddParameter): Name = "ComponentLink1 Description"; Value = "Manufacturer"; VariantName = "[No Variations]"
Add component (AddParameter): Name = "ComponentLink1URL"; Value = "http://www.we-online.com"; VariantName = "[No Variations]"
Add component (AddParameter): Name = "ComponentLink2 Description"; Value = "Datasheet"; VariantName = "[No Variations]"
Add component (AddParameter): Name = "ComponentLink2URL"; Value = "http://katalog.we-online.de/em/datasheet/6130xx143121.pdf"; VariantName = "[No Variations]"
Add component (AddParameter): Name = "Created by"; Value = "Karrer Zheng"; VariantName = "[No Variations]"
Add component (AddParameter): Name = "Created Date"; Value = "29 March 2013"; VariantName = "[No Variations]"
Add component (AddParameter): Name = "Manufacturer"; Value = "W¨¹rth Elektronik eiSos GmbH"; VariantName = "[No Variations]"
Add component (AddParameter): Name = "NoPins"; Value = "05"; VariantName = "[No Variations]"
Add component (AddParameter): Name = "partNo"; Value = "613005143121"; VariantName = "[No Variations]"
Added Component: Designator=C8(JP5-C1T)
Add component. Clean all parameters for all variants
Add component (AddParameter): Name = "ComponentLink1 Description"; Value = "Manufacturer"; VariantName = "[No Variations]"
Add component (AddParameter): Name = "ComponentLink1URL"; Value = "http://www.we-online.com"; VariantName = "[No Variations]"
Add component (AddParameter): Name = "ComponentLink2 Description"; Value = "Datasheet"; VariantName = "[No Variations]"
Add component (AddParameter): Name = "ComponentLink2URL"; Value = "http://katalog.we-online.de/em/datasheet/6130xx143121.pdf"; VariantName = "[No Variations]"
Add component (AddParameter): Name = "Created by"; Value = "Karrer Zheng"; VariantName = "[No Variations]"
Add component (AddParameter): Name = "Created Date"; Value = "29 March 2013"; VariantName = "[No Variations]"
Add component (AddParameter): Name = "Manufacturer"; Value = "W¨¹rth Elektronik eiSos GmbH"; VariantName = "[No Variations]"
Add component (AddParameter): Name = "NoPins"; Value = "05"; VariantName = "[No Variations]"
Add component (AddParameter): Name = "partNo"; Value = "613005143121"; VariantName = "[No Variations]"
Added Pin To Net: NetName=RX Pin=C7-1
Added Pin To Net: NetName=3.3V Pin=C7-2
Added Pin To Net: NetName=RST Pin=C7-3
Added Pin To Net: NetName=3.3V Pin=C7-4
Added Pin To Net: NetName=GND Pin=C7-5
Added Pin To Net: NetName=TX Pin=C7-8
Added Pin To Net: NetName=J1 Pin=C8-1
Added Pin To Net: NetName=J2 Pin=C8-2
Added Pin To Net: NetName=GND Pin=C8-3
Added Pin To Net: NetName=J4 Pin=C8-4
Added Pin To Net: NetName=J5 Pin=C8-5
Added Member To Class: ClassName=Machnguyenli Member=Component C8 JP5
