Change Component Footprint: Designator=JP? Old Footprint=Header7 New Footprint=JP6
Change Component Comment : Designator=JP? Old Comment=JP7 New Comment=JP6 PIN
Change component parameters (AddParameter): Name = "Value"; Value = "JP7"; VariantName = "[No Variations]"
Change component parameters. Clean all parameters for all variants
Change component parameters (AddParameter): Name = "Value"; Value = "JP7"; VariantName = "[No Variations]"
Add component (AddParameter): Name = "LatestRevisionDate"; Value = "17-Jul-2002"; VariantName = "[No Variations]"
Add component (AddParameter): Name = "LatestRevisionNote"; Value = "Re-released for DXP Platform."; VariantName = "[No Variations]"
Add component (AddParameter): Name = "PackageReference"; Value = "C0805"; VariantName = "[No Variations]"
Add component (AddParameter): Name = "Publisher"; Value = "Altium Limited"; VariantName = "[No Variations]"
Add component (AddParameter): Name = "Value"; Value = "1000u"; VariantName = "[No Variations]"
Add component (AddParameter ignored because duplicated): Name = "VALUE"; Value = "C?"; VariantName = "[No Variations]"
Added Component: Designator=C20(CP2/5)
Add component. Clean all parameters for all variants
Add component (AddParameter): Name = "LatestRevisionDate"; Value = "17-Jul-2002"; VariantName = "[No Variations]"
Add component (AddParameter): Name = "LatestRevisionNote"; Value = "Re-released for DXP Platform."; VariantName = "[No Variations]"
Add component (AddParameter): Name = "PackageReference"; Value = "C0805"; VariantName = "[No Variations]"
Add component (AddParameter): Name = "Publisher"; Value = "Altium Limited"; VariantName = "[No Variations]"
Add component (AddParameter): Name = "Value"; Value = "1000u"; VariantName = "[No Variations]"
Add component (AddParameter ignored because duplicated): Name = "VALUE"; Value = "C?"; VariantName = "[No Variations]"
Add component (AddParameter): Name = "LatestRevisionDate"; Value = "17-Jul-2002"; VariantName = "[No Variations]"
Add component (AddParameter): Name = "LatestRevisionNote"; Value = "Re-released for DXP Platform."; VariantName = "[No Variations]"
Add component (AddParameter): Name = "PackageReference"; Value = "C0805"; VariantName = "[No Variations]"
Add component (AddParameter): Name = "Publisher"; Value = "Altium Limited"; VariantName = "[No Variations]"
Add component (AddParameter): Name = "Value"; Value = "1000u"; VariantName = "[No Variations]"
Add component (AddParameter ignored because duplicated): Name = "VALUE"; Value = "C?"; VariantName = "[No Variations]"
Added Component: Designator=C?(CP2/5)
Add component. Clean all parameters for all variants
Add component (AddParameter): Name = "LatestRevisionDate"; Value = "17-Jul-2002"; VariantName = "[No Variations]"
Add component (AddParameter): Name = "LatestRevisionNote"; Value = "Re-released for DXP Platform."; VariantName = "[No Variations]"
Add component (AddParameter): Name = "PackageReference"; Value = "C0805"; VariantName = "[No Variations]"
Add component (AddParameter): Name = "Publisher"; Value = "Altium Limited"; VariantName = "[No Variations]"
Add component (AddParameter): Name = "Value"; Value = "1000u"; VariantName = "[No Variations]"
Add component (AddParameter ignored because duplicated): Name = "VALUE"; Value = "C?"; VariantName = "[No Variations]"
Added Component: Designator=CN?(Header 2x1 straight)
Add component. Clean all parameters for all variants
Add component (AddParameter): Name = "Value"; Value = "1N4007"; VariantName = "[No Variations]"
Added Component: Designator=D?(D1A)
Add component. Clean all parameters for all variants
Add component (AddParameter): Name = "Value"; Value = "1N4007"; VariantName = "[No Variations]"
Add component (AddParameter): Name = "Value"; Value = "1N4007"; VariantName = "[No Variations]"
Added Component: Designator=D?(D1A)
Add component. Clean all parameters for all variants
Add component (AddParameter): Name = "Value"; Value = "1N4007"; VariantName = "[No Variations]"
Add component (AddParameter): Name = "Value"; Value = "1N4007"; VariantName = "[No Variations]"
Added Component: Designator=D?(D1A)
Add component. Clean all parameters for all variants
Add component (AddParameter): Name = "Value"; Value = "1N4007"; VariantName = "[No Variations]"
Add component (AddParameter): Name = "Value"; Value = "1N4007"; VariantName = "[No Variations]"
Added Component: Designator=D?(D1A)
Add component. Clean all parameters for all variants
Add component (AddParameter): Name = "Value"; Value = "1N4007"; VariantName = "[No Variations]"
Add component (AddParameter): Name = "Value"; Value = "74HC595"; VariantName = "[No Variations]"
Added Component: Designator=IC?(DIP16)
Add component. Clean all parameters for all variants
Add component (AddParameter): Name = "Value"; Value = "74HC595"; VariantName = "[No Variations]"
Add component (AddParameter): Name = "Value"; Value = "74HC595"; VariantName = "[No Variations]"
Added Component: Designator=IC?(DIP16)
Add component. Clean all parameters for all variants
Add component (AddParameter): Name = "Value"; Value = "74HC595"; VariantName = "[No Variations]"
Add component (AddParameter): Name = "Value"; Value = "74HC595"; VariantName = "[No Variations]"
Added Component: Designator=IC?(DIP16)
Add component. Clean all parameters for all variants
Add component (AddParameter): Name = "Value"; Value = "74HC595"; VariantName = "[No Variations]"
Add component (AddParameter): Name = "Value"; Value = "LED 3 ly Single Colour"; VariantName = "[No Variations]"
Added Component: Designator=LED?(LED-3)
Add component. Clean all parameters for all variants
Add component (AddParameter): Name = "Value"; Value = "LED 3 ly Single Colour"; VariantName = "[No Variations]"
Add component (AddParameter): Name = "Value"; Value = "LED 3 ly Single Colour"; VariantName = "[No Variations]"
Added Component: Designator=LED?(LED-3)
Add component. Clean all parameters for all variants
Add component (AddParameter): Name = "Value"; Value = "LED 3 ly Single Colour"; VariantName = "[No Variations]"
Add component (AddParameter): Name = "Value"; Value = "LED 3 ly Single Colour"; VariantName = "[No Variations]"
Added Component: Designator=LED?(LED-3)
Add component. Clean all parameters for all variants
Add component (AddParameter): Name = "Value"; Value = "LED 3 ly Single Colour"; VariantName = "[No Variations]"
Add component (AddParameter): Name = "Value"; Value = "LED 3 ly Single Colour"; VariantName = "[No Variations]"
Added Component: Designator=LED?(LED-3)
Add component. Clean all parameters for all variants
Add component (AddParameter): Name = "Value"; Value = "LED 3 ly Single Colour"; VariantName = "[No Variations]"
Add component (AddParameter): Name = "Value"; Value = "LED 3 ly Single Colour"; VariantName = "[No Variations]"
Added Component: Designator=LED?(LED-3)
Add component. Clean all parameters for all variants
Add component (AddParameter): Name = "Value"; Value = "LED 3 ly Single Colour"; VariantName = "[No Variations]"
Add component (AddParameter): Name = "Class"; Value = "Passive"; VariantName = "[No Variations]"
Add component (AddParameter): Name = "Manufacturer"; Value = "Generic Components"; VariantName = "[No Variations]"
Add component (AddParameter): Name = "Published"; Value = "08/06/2000"; VariantName = "[No Variations]"
Add component (AddParameter): Name = "Publisher"; Value = "Altium Hobart Technology Centre"; VariantName = "[No Variations]"
Add component (AddParameter): Name = "SubClass"; Value = "Resistor"; VariantName = "[No Variations]"
Add component (AddParameter): Name = "Value"; Value = "1K"; VariantName = "[No Variations]"
Added Component: Designator=R46(R1/4W)
Add component. Clean all parameters for all variants
Add component (AddParameter): Name = "Class"; Value = "Passive"; VariantName = "[No Variations]"
Add component (AddParameter): Name = "Manufacturer"; Value = "Generic Components"; VariantName = "[No Variations]"
Add component (AddParameter): Name = "Published"; Value = "08/06/2000"; VariantName = "[No Variations]"
Add component (AddParameter): Name = "Publisher"; Value = "Altium Hobart Technology Centre"; VariantName = "[No Variations]"
Add component (AddParameter): Name = "SubClass"; Value = "Resistor"; VariantName = "[No Variations]"
Add component (AddParameter): Name = "Value"; Value = "1K"; VariantName = "[No Variations]"
Add component (AddParameter): Name = "Class"; Value = "Passive"; VariantName = "[No Variations]"
Add component (AddParameter): Name = "Manufacturer"; Value = "Generic Components"; VariantName = "[No Variations]"
Add component (AddParameter): Name = "Published"; Value = "08/06/2000"; VariantName = "[No Variations]"
Add component (AddParameter): Name = "Publisher"; Value = "Altium Hobart Technology Centre"; VariantName = "[No Variations]"
Add component (AddParameter): Name = "SubClass"; Value = "Resistor"; VariantName = "[No Variations]"
Add component (AddParameter): Name = "Value"; Value = "220"; VariantName = "[No Variations]"
Added Component: Designator=R?(R1/4W)
Add component. Clean all parameters for all variants
Add component (AddParameter): Name = "Class"; Value = "Passive"; VariantName = "[No Variations]"
Add component (AddParameter): Name = "Manufacturer"; Value = "Generic Components"; VariantName = "[No Variations]"
Add component (AddParameter): Name = "Published"; Value = "08/06/2000"; VariantName = "[No Variations]"
Add component (AddParameter): Name = "Publisher"; Value = "Altium Hobart Technology Centre"; VariantName = "[No Variations]"
Add component (AddParameter): Name = "SubClass"; Value = "Resistor"; VariantName = "[No Variations]"
Add component (AddParameter): Name = "Value"; Value = "220"; VariantName = "[No Variations]"
Add component (AddParameter): Name = "Class"; Value = "Passive"; VariantName = "[No Variations]"
Add component (AddParameter): Name = "Manufacturer"; Value = "Generic Components"; VariantName = "[No Variations]"
Add component (AddParameter): Name = "Published"; Value = "08/06/2000"; VariantName = "[No Variations]"
Add component (AddParameter): Name = "Publisher"; Value = "Altium Hobart Technology Centre"; VariantName = "[No Variations]"
Add component (AddParameter): Name = "SubClass"; Value = "Resistor"; VariantName = "[No Variations]"
Add component (AddParameter): Name = "Value"; Value = "220"; VariantName = "[No Variations]"
Added Component: Designator=R?(R1/4W)
Add component. Clean all parameters for all variants
Add component (AddParameter): Name = "Class"; Value = "Passive"; VariantName = "[No Variations]"
Add component (AddParameter): Name = "Manufacturer"; Value = "Generic Components"; VariantName = "[No Variations]"
Add component (AddParameter): Name = "Published"; Value = "08/06/2000"; VariantName = "[No Variations]"
Add component (AddParameter): Name = "Publisher"; Value = "Altium Hobart Technology Centre"; VariantName = "[No Variations]"
Add component (AddParameter): Name = "SubClass"; Value = "Resistor"; VariantName = "[No Variations]"
Add component (AddParameter): Name = "Value"; Value = "220"; VariantName = "[No Variations]"
Add component (AddParameter): Name = "Class"; Value = "Passive"; VariantName = "[No Variations]"
Add component (AddParameter): Name = "Manufacturer"; Value = "Generic Components"; VariantName = "[No Variations]"
Add component (AddParameter): Name = "Published"; Value = "08/06/2000"; VariantName = "[No Variations]"
Add component (AddParameter): Name = "Publisher"; Value = "Altium Hobart Technology Centre"; VariantName = "[No Variations]"
Add component (AddParameter): Name = "SubClass"; Value = "Resistor"; VariantName = "[No Variations]"
Add component (AddParameter): Name = "Value"; Value = "220"; VariantName = "[No Variations]"
Added Component: Designator=R?(R1/4W)
Add component. Clean all parameters for all variants
Add component (AddParameter): Name = "Class"; Value = "Passive"; VariantName = "[No Variations]"
Add component (AddParameter): Name = "Manufacturer"; Value = "Generic Components"; VariantName = "[No Variations]"
Add component (AddParameter): Name = "Published"; Value = "08/06/2000"; VariantName = "[No Variations]"
Add component (AddParameter): Name = "Publisher"; Value = "Altium Hobart Technology Centre"; VariantName = "[No Variations]"
Add component (AddParameter): Name = "SubClass"; Value = "Resistor"; VariantName = "[No Variations]"
Add component (AddParameter): Name = "Value"; Value = "220"; VariantName = "[No Variations]"
Add component (AddParameter): Name = "Class"; Value = "Passive"; VariantName = "[No Variations]"
Add component (AddParameter): Name = "Manufacturer"; Value = "Generic Components"; VariantName = "[No Variations]"
Add component (AddParameter): Name = "Published"; Value = "08/06/2000"; VariantName = "[No Variations]"
Add component (AddParameter): Name = "Publisher"; Value = "Altium Hobart Technology Centre"; VariantName = "[No Variations]"
Add component (AddParameter): Name = "SubClass"; Value = "Resistor"; VariantName = "[No Variations]"
Add component (AddParameter): Name = "Value"; Value = "10K"; VariantName = "[No Variations]"
Added Component: Designator=R?(R1/4W)
Add component. Clean all parameters for all variants
Add component (AddParameter): Name = "Class"; Value = "Passive"; VariantName = "[No Variations]"
Add component (AddParameter): Name = "Manufacturer"; Value = "Generic Components"; VariantName = "[No Variations]"
Add component (AddParameter): Name = "Published"; Value = "08/06/2000"; VariantName = "[No Variations]"
Add component (AddParameter): Name = "Publisher"; Value = "Altium Hobart Technology Centre"; VariantName = "[No Variations]"
Add component (AddParameter): Name = "SubClass"; Value = "Resistor"; VariantName = "[No Variations]"
Add component (AddParameter): Name = "Value"; Value = "10K"; VariantName = "[No Variations]"
Add component (AddParameter): Name = "Class"; Value = "Passive"; VariantName = "[No Variations]"
Add component (AddParameter): Name = "Manufacturer"; Value = "Generic Components"; VariantName = "[No Variations]"
Add component (AddParameter): Name = "Published"; Value = "08/06/2000"; VariantName = "[No Variations]"
Add component (AddParameter): Name = "Publisher"; Value = "Altium Hobart Technology Centre"; VariantName = "[No Variations]"
Add component (AddParameter): Name = "SubClass"; Value = "Resistor"; VariantName = "[No Variations]"
Add component (AddParameter): Name = "Value"; Value = "220"; VariantName = "[No Variations]"
Added Component: Designator=R?(R1/4W)
Add component. Clean all parameters for all variants
Add component (AddParameter): Name = "Class"; Value = "Passive"; VariantName = "[No Variations]"
Add component (AddParameter): Name = "Manufacturer"; Value = "Generic Components"; VariantName = "[No Variations]"
Add component (AddParameter): Name = "Published"; Value = "08/06/2000"; VariantName = "[No Variations]"
Add component (AddParameter): Name = "Publisher"; Value = "Altium Hobart Technology Centre"; VariantName = "[No Variations]"
Add component (AddParameter): Name = "SubClass"; Value = "Resistor"; VariantName = "[No Variations]"
Add component (AddParameter): Name = "Value"; Value = "220"; VariantName = "[No Variations]"
Add component (AddParameter): Name = "Value"; Value = "SW chip 2 pin"; VariantName = "[No Variations]"
Added Component: Designator=SW?(SW2)
Add component. Clean all parameters for all variants
Add component (AddParameter): Name = "Value"; Value = "SW chip 2 pin"; VariantName = "[No Variations]"
Add component (AddParameter): Name = "Value"; Value = "SW6"; VariantName = "[No Variations]"
Added Component: Designator=SW?(SW6)
Add component. Clean all parameters for all variants
Add component (AddParameter): Name = "Value"; Value = "SW6"; VariantName = "[No Variations]"
Add component (AddParameter): Name = "Text Field1"; Value = "70"; VariantName = "[No Variations]"
Add component (AddParameter): Name = "Text Field2"; Value = "30"; VariantName = "[No Variations]"
Added Component: Designator=U?(TO-220)
Add component. Clean all parameters for all variants
Add component (AddParameter): Name = "Text Field1"; Value = "70"; VariantName = "[No Variations]"
Add component (AddParameter): Name = "Text Field2"; Value = "30"; VariantName = "[No Variations]"
Add component (AddParameter): Name = "Value"; Value = "LM35"; VariantName = "[No Variations]"
Added Component: Designator=U?(TO92-123)
Add component. Clean all parameters for all variants
Add component (AddParameter): Name = "Value"; Value = "LM35"; VariantName = "[No Variations]"
Add component (AddParameter): Name = "Value"; Value = "4Mhz"; VariantName = "[No Variations]"
Added Component: Designator=X?(XT2)
Add component. Clean all parameters for all variants
Add component (AddParameter): Name = "Value"; Value = "4Mhz"; VariantName = "[No Variations]"
Added Pin To Net: NetName=ADC Pin=U?-2
Added Pin To Net: NetName=ADC Pin=U?-2
Added Net: Name=ADC
Added Pin To Net: NetName=C01 Pin=IC?-15
Added Pin To Net: NetName=C01 Pin=MT?-13
Added Net: Name=C01
Added Pin To Net: NetName=C02 Pin=IC?-1
Added Pin To Net: NetName=C02 Pin=MT?-3
Added Net: Name=C02
Added Pin To Net: NetName=C03 Pin=IC?-2
Added Pin To Net: NetName=C03 Pin=MT?-4
Added Net: Name=C03
Added Pin To Net: NetName=C04 Pin=IC?-3
Added Pin To Net: NetName=C04 Pin=MT?-10
Added Net: Name=C04
Added Pin To Net: NetName=C05 Pin=IC?-4
Added Pin To Net: NetName=C05 Pin=MT?-6
Added Net: Name=C05
Added Pin To Net: NetName=C06 Pin=IC?-5
Added Pin To Net: NetName=C06 Pin=MT?-11
Added Net: Name=C06
Added Pin To Net: NetName=C07 Pin=IC?-6
Added Pin To Net: NetName=C07 Pin=MT?-15
Added Net: Name=C07
Added Pin To Net: NetName=C08 Pin=IC?-7
Added Pin To Net: NetName=C08 Pin=MT?-16
Added Net: Name=C08
Added Pin To Net: NetName=C11 Pin=IC?-15
Added Pin To Net: NetName=C11 Pin=MT?-13
Added Net: Name=C11
Added Pin To Net: NetName=C12 Pin=IC?-1
Added Pin To Net: NetName=C12 Pin=MT?-3
Added Net: Name=C12
Added Pin To Net: NetName=C13 Pin=IC?-2
Added Pin To Net: NetName=C13 Pin=MT?-4
Added Net: Name=C13
Added Pin To Net: NetName=C14 Pin=IC?-3
Added Pin To Net: NetName=C14 Pin=MT?-10
Added Net: Name=C14
Added Pin To Net: NetName=C15 Pin=IC?-4
Added Pin To Net: NetName=C15 Pin=MT?-6
Added Net: Name=C15
Added Pin To Net: NetName=C16 Pin=IC?-5
Added Pin To Net: NetName=C16 Pin=MT?-11
Added Net: Name=C16
Added Pin To Net: NetName=C17 Pin=IC?-6
Added Pin To Net: NetName=C17 Pin=MT?-15
Added Net: Name=C17
Added Pin To Net: NetName=C18 Pin=IC?-7
Added Pin To Net: NetName=C18 Pin=MT?-16
Added Net: Name=C18
Added Pin To Net: NetName=DS1 Pin=IC?-9
Added Pin To Net: NetName=DS1 Pin=IC?-14
Added Net: Name=DS1
Added Pin To Net: NetName=DSrow Pin=IC?-14
Added Pin To Net: NetName=DSrow Pin=U?-27
Added Net: Name=DSrow
Added Pin To Net: NetName=DS Pin=IC?-14
Added Pin To Net: NetName=DS Pin=U?-20
Added Net: Name=DS
Added Pin To Net: NetName=GND Pin=C20-2
Added Pin To Net: NetName=GND Pin=C?-1
Added Pin To Net: NetName=GND Pin=C?-2
Added Pin To Net: NetName=GND Pin=C?-2
Added Pin To Net: NetName=GND Pin=C?-2
Added Pin To Net: NetName=GND Pin=D?-1
Added Pin To Net: NetName=GND Pin=D?-1
Added Pin To Net: NetName=GND Pin=IC?-8
Added Pin To Net: NetName=GND Pin=IC?-8
Added Pin To Net: NetName=GND Pin=IC?-8
Added Pin To Net: NetName=GND Pin=IC?-13
Added Pin To Net: NetName=GND Pin=IC?-13
Added Pin To Net: NetName=GND Pin=IC?-13
Added Pin To Net: NetName=GND Pin=JP?-3
Added Pin To Net: NetName=GND Pin=LED?-2
Added Pin To Net: NetName=GND Pin=SW?-2
Added Pin To Net: NetName=GND Pin=U?-2
Added Pin To Net: NetName=GND Pin=U?-3
Added Pin To Net: NetName=GND Pin=U?-12
Added Pin To Net: NetName=GND Pin=U?-31
Added Net: Name=GND
Added Pin To Net: NetName=J1 Pin=JP?-1
Added Pin To Net: NetName=J1 Pin=R?-2
Added Pin To Net: NetName=J1 Pin=SW?-1
Added Pin To Net: NetName=J1 Pin=U?-1
Added Net: Name=J1
Added Pin To Net: NetName=J2 Pin=IC?-10
Added Pin To Net: NetName=J2 Pin=IC?-10
Added Pin To Net: NetName=J2 Pin=IC?-10
Added Pin To Net: NetName=J2 Pin=IC?-16
Added Pin To Net: NetName=J2 Pin=IC?-16
Added Pin To Net: NetName=J2 Pin=IC?-16
Added Pin To Net: NetName=J2 Pin=JP?-2
Added Pin To Net: NetName=J2 Pin=R?-1
Added Pin To Net: NetName=J2 Pin=R?-1
Added Pin To Net: NetName=J2 Pin=R?-1
Added Pin To Net: NetName=J2 Pin=R?-1
Added Pin To Net: NetName=J2 Pin=R?-1
Added Pin To Net: NetName=J2 Pin=SW?-3
Added Pin To Net: NetName=J2 Pin=U?-1
Added Pin To Net: NetName=J2 Pin=U?-11
Added Pin To Net: NetName=J2 Pin=U?-32
Added Net: Name=J2
Added Pin To Net: NetName=J4 Pin=JP?-4
Added Pin To Net: NetName=J4 Pin=U?-39
Added Net: Name=J4
Added Pin To Net: NetName=J5 Pin=JP?-5
Added Pin To Net: NetName=J5 Pin=U?-40
Added Net: Name=J5
Added Pin To Net: NetName=LED1 Pin=LED?-1
Added Pin To Net: NetName=LED1 Pin=U?-15
Added Net: Name=LED1
Added Pin To Net: NetName=LED2 Pin=LED?-1
Added Pin To Net: NetName=LED2 Pin=U?-16
Added Net: Name=LED2
Added Pin To Net: NetName=LED3 Pin=LED?-1
Added Pin To Net: NetName=LED3 Pin=U?-17
Added Net: Name=LED3
Added Pin To Net: NetName=LED4 Pin=LED?-1
Added Pin To Net: NetName=LED4 Pin=U?-18
Added Net: Name=LED4
Added Pin To Net: NetName=NetC20_1 Pin=C20-1
Added Pin To Net: NetName=NetC20_1 Pin=D?-2
Added Pin To Net: NetName=NetC20_1 Pin=D?-2
Added Pin To Net: NetName=NetC20_1 Pin=U?-1
Added Net: Name=NetC20_1
Added Pin To Net: NetName=NetC?_1 Pin=C?-1
Added Pin To Net: NetName=NetC?_1 Pin=U?-14
Added Pin To Net: NetName=NetC?_1 Pin=X?-2
Added Net: Name=NetC?_1
Added Pin To Net: NetName=NetCN?_1 Pin=CN?-1
Added Pin To Net: NetName=NetCN?_1 Pin=D?-1
Added Pin To Net: NetName=NetCN?_1 Pin=D?-2
Added Net: Name=NetCN?_1
Added Pin To Net: NetName=NetCN?_2 Pin=CN?-2
Added Pin To Net: NetName=NetCN?_2 Pin=D?-1
Added Pin To Net: NetName=NetCN?_2 Pin=D?-2
Added Net: Name=NetCN?_2
Added Pin To Net: NetName=NetLED?_1 Pin=LED?-1
Added Pin To Net: NetName=NetLED?_1 Pin=R46-1
Added Net: Name=NetLED?_1
Added Pin To Net: NetName=NetLED?_2 Pin=LED?-2
Added Pin To Net: NetName=NetLED?_2 Pin=R?-2
Added Net: Name=NetLED?_2
Added Pin To Net: NetName=R1 Pin=IC?-15
Added Pin To Net: NetName=R1 Pin=MT?-5
Added Pin To Net: NetName=R1 Pin=MT?-5
Added Net: Name=R1
Added Pin To Net: NetName=R2 Pin=IC?-1
Added Pin To Net: NetName=R2 Pin=MT?-2
Added Pin To Net: NetName=R2 Pin=MT?-2
Added Net: Name=R2
Added Pin To Net: NetName=R3 Pin=IC?-2
Added Pin To Net: NetName=R3 Pin=MT?-7
Added Pin To Net: NetName=R3 Pin=MT?-7
Added Net: Name=R3
Added Pin To Net: NetName=R4 Pin=IC?-3
Added Pin To Net: NetName=R4 Pin=MT?-1
Added Pin To Net: NetName=R4 Pin=MT?-1
Added Net: Name=R4
Added Pin To Net: NetName=R5 Pin=IC?-4
Added Pin To Net: NetName=R5 Pin=MT?-12
Added Pin To Net: NetName=R5 Pin=MT?-12
Added Net: Name=R5
Added Pin To Net: NetName=R6 Pin=IC?-5
Added Pin To Net: NetName=R6 Pin=MT?-8
Added Pin To Net: NetName=R6 Pin=MT?-8
Added Net: Name=R6
Added Pin To Net: NetName=R7 Pin=IC?-6
Added Pin To Net: NetName=R7 Pin=MT?-14
Added Pin To Net: NetName=R7 Pin=MT?-14
Added Net: Name=R7
Added Pin To Net: NetName=R8 Pin=IC?-7
Added Pin To Net: NetName=R8 Pin=MT?-9
Added Pin To Net: NetName=R8 Pin=MT?-9
Added Net: Name=R8
Added Pin To Net: NetName=SHrow Pin=IC?-11
Added Pin To Net: NetName=SHrow Pin=U?-22
Added Net: Name=SHrow
Added Pin To Net: NetName=SH Pin=IC?-11
Added Pin To Net: NetName=SH Pin=IC?-11
Added Pin To Net: NetName=SH Pin=U?-19
Added Net: Name=SH
Added Pin To Net: NetName=ST Pin=IC?-12
Added Pin To Net: NetName=ST Pin=IC?-12
Added Pin To Net: NetName=ST Pin=IC?-12
Added Pin To Net: NetName=ST Pin=U?-21
Added Net: Name=ST
Added Member To Class: ClassName=Sheet1 Member=Component C20 Cap Pol3
Added Member To Class: ClassName=Sheet1 Member=Component C? 104
Added Member To Class: ClassName=Sheet1 Member=Component C? Cap Pol3
Added Member To Class: ClassName=Sheet1 Member=Component C? 104
Added Member To Class: ClassName=Sheet1 Member=Component C? 104
Added Member To Class: ClassName=Sheet1 Member=Component CN? Header 2x1
Added Member To Class: ClassName=Sheet1 Member=Component D? 1N4007
Added Member To Class: ClassName=Sheet1 Member=Component D? 1N4007
Added Member To Class: ClassName=Sheet1 Member=Component D? 1N4007
Added Member To Class: ClassName=Sheet1 Member=Component D? 1N4007
Added Member To Class: ClassName=Sheet1 Member=Component IC? 74HC595
Added Member To Class: ClassName=Sheet1 Member=Component IC? 74HC595
Added Member To Class: ClassName=Sheet1 Member=Component IC? 74HC595
Added Member To Class: ClassName=Sheet1 Member=Component LED? LED
Added Member To Class: ClassName=Sheet1 Member=Component LED? LED
Added Member To Class: ClassName=Sheet1 Member=Component LED? LED
Added Member To Class: ClassName=Sheet1 Member=Component LED? LED
Added Member To Class: ClassName=Sheet1 Member=Component LED? LED
Added Member To Class: ClassName=Sheet1 Member=Component MT? Matrix 8x8S
Added Member To Class: ClassName=Sheet1 Member=Component R46 Res1
Added Member To Class: ClassName=Sheet1 Member=Component R? Res1
Added Member To Class: ClassName=Sheet1 Member=Component R? Res1
Added Member To Class: ClassName=Sheet1 Member=Component R? Res1
Added Member To Class: ClassName=Sheet1 Member=Component R? Res1
Added Member To Class: ClassName=Sheet1 Member=Component R? Res1
Added Member To Class: ClassName=Sheet1 Member=Component SW? SW
Added Member To Class: ClassName=Sheet1 Member=Component SW? SW6A
Added Member To Class: ClassName=Sheet1 Member=Component U? PIC16F887-PU
Added Member To Class: ClassName=Sheet1 Member=Component U? LM35
Added Member To Class: ClassName=Sheet1 Member=Component X? 4Mhz
